-------------------------------------------------------------------------------
Test set: com.example.drools.service.DroolsServiceTest
-------------------------------------------------------------------------------
Tests run: 8, Failures: 0, Errors: 8, Skipped: 0, Time elapsed: 1.064 s <<< FAILURE! -- in com.example.drools.service.DroolsServiceTest
com.example.drools.service.DroolsServiceTest.testAgeTooLow -- Time elapsed: 0.853 s <<< ERROR!
java.lang.RuntimeException: Failed to initialize Drools
	at com.example.drools.service.DroolsService.initializeKieContainer(DroolsService.java:61)
	at com.example.drools.service.DroolsService.<init>(DroolsService.java:23)
	at com.example.drools.service.DroolsServiceTest.setUp(DroolsServiceTest.java:17)
	at java.base/jdk.internal.reflect.DirectMethodHandleAccessor.invoke(DirectMethodHandleAccessor.java:103)
	at java.base/java.lang.reflect.Method.invoke(Method.java:580)
	at org.junit.runners.model.FrameworkMethod$1.runReflectiveCall(FrameworkMethod.java:59)
	at org.junit.internal.runners.model.ReflectiveCallable.run(ReflectiveCallable.java:12)
	at org.junit.runners.model.FrameworkMethod.invokeExplosively(FrameworkMethod.java:56)
	at org.junit.internal.runners.statements.RunBefores.invokeMethod(RunBefores.java:33)
	at org.junit.internal.runners.statements.RunBefores.evaluate(RunBefores.java:24)
	at org.junit.internal.runners.statements.RunAfters.evaluate(RunAfters.java:27)
	at org.junit.runners.ParentRunner$3.evaluate(ParentRunner.java:306)
	at org.junit.runners.BlockJUnit4ClassRunner$1.evaluate(BlockJUnit4ClassRunner.java:100)
	at org.junit.runners.ParentRunner.runLeaf(ParentRunner.java:366)
	at org.junit.runners.BlockJUnit4ClassRunner.runChild(BlockJUnit4ClassRunner.java:103)
	at org.junit.runners.BlockJUnit4ClassRunner.runChild(BlockJUnit4ClassRunner.java:63)
	at org.junit.runners.ParentRunner$4.run(ParentRunner.java:331)
	at org.junit.runners.ParentRunner$1.schedule(ParentRunner.java:79)
	at org.junit.runners.ParentRunner.runChildren(ParentRunner.java:329)
	at org.junit.runners.ParentRunner.access$100(ParentRunner.java:66)
	at org.junit.runners.ParentRunner$2.evaluate(ParentRunner.java:293)
	at org.junit.runners.ParentRunner$3.evaluate(ParentRunner.java:306)
	at org.junit.runners.ParentRunner.run(ParentRunner.java:413)
	at org.apache.maven.surefire.junit4.JUnit4Provider.execute(JUnit4Provider.java:316)
	at org.apache.maven.surefire.junit4.JUnit4Provider.executeWithRerun(JUnit4Provider.java:240)
	at org.apache.maven.surefire.junit4.JUnit4Provider.executeTestSet(JUnit4Provider.java:214)
	at org.apache.maven.surefire.junit4.JUnit4Provider.invoke(JUnit4Provider.java:155)
	at org.apache.maven.surefire.booter.ForkedBooter.runSuitesInProcess(ForkedBooter.java:385)
	at org.apache.maven.surefire.booter.ForkedBooter.execute(ForkedBooter.java:162)
	at org.apache.maven.surefire.booter.ForkedBooter.run(ForkedBooter.java:507)
	at org.apache.maven.surefire.booter.ForkedBooter.main(ForkedBooter.java:495)
Caused by: java.lang.RuntimeException: Build Errors:
Error Messages:
Message [id=1, kieBase=defaultKieBase, level=ERROR, path=rules/ValidationRules.drl, line=8, column=0
   text=[ERR 101] Line 8:19 no viable alternative at input ',' in rule "_10"]
Message [id=2, kieBase=defaultKieBase, level=ERROR, path=rules/ValidationRules.drl, line=18, column=0
   text=[ERR 101] Line 18:22 no viable alternative at input ',' in rule "_11"]
Message [id=3, kieBase=defaultKieBase, level=ERROR, path=rules/ValidationRules.drl, line=28, column=0
   text=[ERR 101] Line 28:19 no viable alternative at input ',' in rule "_12"]
Message [id=4, kieBase=defaultKieBase, level=ERROR, path=rules/ValidationRules.drl, line=0, column=0
   text=Parser returned a null Package]
---
Warning Messages:
---
Info Messages:

	at com.example.drools.service.DroolsService.initializeKieContainer(DroolsService.java:53)
	... 30 more

com.example.drools.service.DroolsServiceTest.testBoundaryAge19 -- Time elapsed: 0.030 s <<< ERROR!
java.lang.RuntimeException: Failed to initialize Drools
	at com.example.drools.service.DroolsService.initializeKieContainer(DroolsService.java:61)
	at com.example.drools.service.DroolsService.<init>(DroolsService.java:23)
	at com.example.drools.service.DroolsServiceTest.setUp(DroolsServiceTest.java:17)
	at java.base/jdk.internal.reflect.DirectMethodHandleAccessor.invoke(DirectMethodHandleAccessor.java:103)
	at java.base/java.lang.reflect.Method.invoke(Method.java:580)
	at org.junit.runners.model.FrameworkMethod$1.runReflectiveCall(FrameworkMethod.java:59)
	at org.junit.internal.runners.model.ReflectiveCallable.run(ReflectiveCallable.java:12)
	at org.junit.runners.model.FrameworkMethod.invokeExplosively(FrameworkMethod.java:56)
	at org.junit.internal.runners.statements.RunBefores.invokeMethod(RunBefores.java:33)
	at org.junit.internal.runners.statements.RunBefores.evaluate(RunBefores.java:24)
	at org.junit.internal.runners.statements.RunAfters.evaluate(RunAfters.java:27)
	at org.junit.runners.ParentRunner$3.evaluate(ParentRunner.java:306)
	at org.junit.runners.BlockJUnit4ClassRunner$1.evaluate(BlockJUnit4ClassRunner.java:100)
	at org.junit.runners.ParentRunner.runLeaf(ParentRunner.java:366)
	at org.junit.runners.BlockJUnit4ClassRunner.runChild(BlockJUnit4ClassRunner.java:103)
	at org.junit.runners.BlockJUnit4ClassRunner.runChild(BlockJUnit4ClassRunner.java:63)
	at org.junit.runners.ParentRunner$4.run(ParentRunner.java:331)
	at org.junit.runners.ParentRunner$1.schedule(ParentRunner.java:79)
	at org.junit.runners.ParentRunner.runChildren(ParentRunner.java:329)
	at org.junit.runners.ParentRunner.access$100(ParentRunner.java:66)
	at org.junit.runners.ParentRunner$2.evaluate(ParentRunner.java:293)
	at org.junit.runners.ParentRunner$3.evaluate(ParentRunner.java:306)
	at org.junit.runners.ParentRunner.run(ParentRunner.java:413)
	at org.apache.maven.surefire.junit4.JUnit4Provider.execute(JUnit4Provider.java:316)
	at org.apache.maven.surefire.junit4.JUnit4Provider.executeWithRerun(JUnit4Provider.java:240)
	at org.apache.maven.surefire.junit4.JUnit4Provider.executeTestSet(JUnit4Provider.java:214)
	at org.apache.maven.surefire.junit4.JUnit4Provider.invoke(JUnit4Provider.java:155)
	at org.apache.maven.surefire.booter.ForkedBooter.runSuitesInProcess(ForkedBooter.java:385)
	at org.apache.maven.surefire.booter.ForkedBooter.execute(ForkedBooter.java:162)
	at org.apache.maven.surefire.booter.ForkedBooter.run(ForkedBooter.java:507)
	at org.apache.maven.surefire.booter.ForkedBooter.main(ForkedBooter.java:495)
Caused by: java.lang.RuntimeException: Build Errors:
Error Messages:
Message [id=1, kieBase=defaultKieBase, level=ERROR, path=rules/ValidationRules.drl, line=8, column=0
   text=[ERR 101] Line 8:19 no viable alternative at input ',' in rule "_10"]
Message [id=2, kieBase=defaultKieBase, level=ERROR, path=rules/ValidationRules.drl, line=18, column=0
   text=[ERR 101] Line 18:22 no viable alternative at input ',' in rule "_11"]
Message [id=3, kieBase=defaultKieBase, level=ERROR, path=rules/ValidationRules.drl, line=28, column=0
   text=[ERR 101] Line 28:19 no viable alternative at input ',' in rule "_12"]
Message [id=4, kieBase=defaultKieBase, level=ERROR, path=rules/ValidationRules.drl, line=0, column=0
   text=Parser returned a null Package]
---
Warning Messages:
---
Info Messages:

	at com.example.drools.service.DroolsService.initializeKieContainer(DroolsService.java:53)
	... 30 more

com.example.drools.service.DroolsServiceTest.testBoundaryAge20 -- Time elapsed: 0.031 s <<< ERROR!
java.lang.RuntimeException: Failed to initialize Drools
	at com.example.drools.service.DroolsService.initializeKieContainer(DroolsService.java:61)
	at com.example.drools.service.DroolsService.<init>(DroolsService.java:23)
	at com.example.drools.service.DroolsServiceTest.setUp(DroolsServiceTest.java:17)
	at java.base/jdk.internal.reflect.DirectMethodHandleAccessor.invoke(DirectMethodHandleAccessor.java:103)
	at java.base/java.lang.reflect.Method.invoke(Method.java:580)
	at org.junit.runners.model.FrameworkMethod$1.runReflectiveCall(FrameworkMethod.java:59)
	at org.junit.internal.runners.model.ReflectiveCallable.run(ReflectiveCallable.java:12)
	at org.junit.runners.model.FrameworkMethod.invokeExplosively(FrameworkMethod.java:56)
	at org.junit.internal.runners.statements.RunBefores.invokeMethod(RunBefores.java:33)
	at org.junit.internal.runners.statements.RunBefores.evaluate(RunBefores.java:24)
	at org.junit.internal.runners.statements.RunAfters.evaluate(RunAfters.java:27)
	at org.junit.runners.ParentRunner$3.evaluate(ParentRunner.java:306)
	at org.junit.runners.BlockJUnit4ClassRunner$1.evaluate(BlockJUnit4ClassRunner.java:100)
	at org.junit.runners.ParentRunner.runLeaf(ParentRunner.java:366)
	at org.junit.runners.BlockJUnit4ClassRunner.runChild(BlockJUnit4ClassRunner.java:103)
	at org.junit.runners.BlockJUnit4ClassRunner.runChild(BlockJUnit4ClassRunner.java:63)
	at org.junit.runners.ParentRunner$4.run(ParentRunner.java:331)
	at org.junit.runners.ParentRunner$1.schedule(ParentRunner.java:79)
	at org.junit.runners.ParentRunner.runChildren(ParentRunner.java:329)
	at org.junit.runners.ParentRunner.access$100(ParentRunner.java:66)
	at org.junit.runners.ParentRunner$2.evaluate(ParentRunner.java:293)
	at org.junit.runners.ParentRunner$3.evaluate(ParentRunner.java:306)
	at org.junit.runners.ParentRunner.run(ParentRunner.java:413)
	at org.apache.maven.surefire.junit4.JUnit4Provider.execute(JUnit4Provider.java:316)
	at org.apache.maven.surefire.junit4.JUnit4Provider.executeWithRerun(JUnit4Provider.java:240)
	at org.apache.maven.surefire.junit4.JUnit4Provider.executeTestSet(JUnit4Provider.java:214)
	at org.apache.maven.surefire.junit4.JUnit4Provider.invoke(JUnit4Provider.java:155)
	at org.apache.maven.surefire.booter.ForkedBooter.runSuitesInProcess(ForkedBooter.java:385)
	at org.apache.maven.surefire.booter.ForkedBooter.execute(ForkedBooter.java:162)
	at org.apache.maven.surefire.booter.ForkedBooter.run(ForkedBooter.java:507)
	at org.apache.maven.surefire.booter.ForkedBooter.main(ForkedBooter.java:495)
Caused by: java.lang.RuntimeException: Build Errors:
Error Messages:
Message [id=1, kieBase=defaultKieBase, level=ERROR, path=rules/ValidationRules.drl, line=8, column=0
   text=[ERR 101] Line 8:19 no viable alternative at input ',' in rule "_10"]
Message [id=2, kieBase=defaultKieBase, level=ERROR, path=rules/ValidationRules.drl, line=18, column=0
   text=[ERR 101] Line 18:22 no viable alternative at input ',' in rule "_11"]
Message [id=3, kieBase=defaultKieBase, level=ERROR, path=rules/ValidationRules.drl, line=28, column=0
   text=[ERR 101] Line 28:19 no viable alternative at input ',' in rule "_12"]
Message [id=4, kieBase=defaultKieBase, level=ERROR, path=rules/ValidationRules.drl, line=0, column=0
   text=Parser returned a null Package]
---
Warning Messages:
---
Info Messages:

	at com.example.drools.service.DroolsService.initializeKieContainer(DroolsService.java:53)
	... 30 more

com.example.drools.service.DroolsServiceTest.testBothTooLow -- Time elapsed: 0.026 s <<< ERROR!
java.lang.RuntimeException: Failed to initialize Drools
	at com.example.drools.service.DroolsService.initializeKieContainer(DroolsService.java:61)
	at com.example.drools.service.DroolsService.<init>(DroolsService.java:23)
	at com.example.drools.service.DroolsServiceTest.setUp(DroolsServiceTest.java:17)
	at java.base/jdk.internal.reflect.DirectMethodHandleAccessor.invoke(DirectMethodHandleAccessor.java:103)
	at java.base/java.lang.reflect.Method.invoke(Method.java:580)
	at org.junit.runners.model.FrameworkMethod$1.runReflectiveCall(FrameworkMethod.java:59)
	at org.junit.internal.runners.model.ReflectiveCallable.run(ReflectiveCallable.java:12)
	at org.junit.runners.model.FrameworkMethod.invokeExplosively(FrameworkMethod.java:56)
	at org.junit.internal.runners.statements.RunBefores.invokeMethod(RunBefores.java:33)
	at org.junit.internal.runners.statements.RunBefores.evaluate(RunBefores.java:24)
	at org.junit.internal.runners.statements.RunAfters.evaluate(RunAfters.java:27)
	at org.junit.runners.ParentRunner$3.evaluate(ParentRunner.java:306)
	at org.junit.runners.BlockJUnit4ClassRunner$1.evaluate(BlockJUnit4ClassRunner.java:100)
	at org.junit.runners.ParentRunner.runLeaf(ParentRunner.java:366)
	at org.junit.runners.BlockJUnit4ClassRunner.runChild(BlockJUnit4ClassRunner.java:103)
	at org.junit.runners.BlockJUnit4ClassRunner.runChild(BlockJUnit4ClassRunner.java:63)
	at org.junit.runners.ParentRunner$4.run(ParentRunner.java:331)
	at org.junit.runners.ParentRunner$1.schedule(ParentRunner.java:79)
	at org.junit.runners.ParentRunner.runChildren(ParentRunner.java:329)
	at org.junit.runners.ParentRunner.access$100(ParentRunner.java:66)
	at org.junit.runners.ParentRunner$2.evaluate(ParentRunner.java:293)
	at org.junit.runners.ParentRunner$3.evaluate(ParentRunner.java:306)
	at org.junit.runners.ParentRunner.run(ParentRunner.java:413)
	at org.apache.maven.surefire.junit4.JUnit4Provider.execute(JUnit4Provider.java:316)
	at org.apache.maven.surefire.junit4.JUnit4Provider.executeWithRerun(JUnit4Provider.java:240)
	at org.apache.maven.surefire.junit4.JUnit4Provider.executeTestSet(JUnit4Provider.java:214)
	at org.apache.maven.surefire.junit4.JUnit4Provider.invoke(JUnit4Provider.java:155)
	at org.apache.maven.surefire.booter.ForkedBooter.runSuitesInProcess(ForkedBooter.java:385)
	at org.apache.maven.surefire.booter.ForkedBooter.execute(ForkedBooter.java:162)
	at org.apache.maven.surefire.booter.ForkedBooter.run(ForkedBooter.java:507)
	at org.apache.maven.surefire.booter.ForkedBooter.main(ForkedBooter.java:495)
Caused by: java.lang.RuntimeException: Build Errors:
Error Messages:
Message [id=1, kieBase=defaultKieBase, level=ERROR, path=rules/ValidationRules.drl, line=8, column=0
   text=[ERR 101] Line 8:19 no viable alternative at input ',' in rule "_10"]
Message [id=2, kieBase=defaultKieBase, level=ERROR, path=rules/ValidationRules.drl, line=18, column=0
   text=[ERR 101] Line 18:22 no viable alternative at input ',' in rule "_11"]
Message [id=3, kieBase=defaultKieBase, level=ERROR, path=rules/ValidationRules.drl, line=28, column=0
   text=[ERR 101] Line 28:19 no viable alternative at input ',' in rule "_12"]
Message [id=4, kieBase=defaultKieBase, level=ERROR, path=rules/ValidationRules.drl, line=0, column=0
   text=Parser returned a null Package]
---
Warning Messages:
---
Info Messages:

	at com.example.drools.service.DroolsService.initializeKieContainer(DroolsService.java:53)
	... 30 more

com.example.drools.service.DroolsServiceTest.testBoundarySalary9999 -- Time elapsed: 0.023 s <<< ERROR!
java.lang.RuntimeException: Failed to initialize Drools
	at com.example.drools.service.DroolsService.initializeKieContainer(DroolsService.java:61)
	at com.example.drools.service.DroolsService.<init>(DroolsService.java:23)
	at com.example.drools.service.DroolsServiceTest.setUp(DroolsServiceTest.java:17)
	at java.base/jdk.internal.reflect.DirectMethodHandleAccessor.invoke(DirectMethodHandleAccessor.java:103)
	at java.base/java.lang.reflect.Method.invoke(Method.java:580)
	at org.junit.runners.model.FrameworkMethod$1.runReflectiveCall(FrameworkMethod.java:59)
	at org.junit.internal.runners.model.ReflectiveCallable.run(ReflectiveCallable.java:12)
	at org.junit.runners.model.FrameworkMethod.invokeExplosively(FrameworkMethod.java:56)
	at org.junit.internal.runners.statements.RunBefores.invokeMethod(RunBefores.java:33)
	at org.junit.internal.runners.statements.RunBefores.evaluate(RunBefores.java:24)
	at org.junit.internal.runners.statements.RunAfters.evaluate(RunAfters.java:27)
	at org.junit.runners.ParentRunner$3.evaluate(ParentRunner.java:306)
	at org.junit.runners.BlockJUnit4ClassRunner$1.evaluate(BlockJUnit4ClassRunner.java:100)
	at org.junit.runners.ParentRunner.runLeaf(ParentRunner.java:366)
	at org.junit.runners.BlockJUnit4ClassRunner.runChild(BlockJUnit4ClassRunner.java:103)
	at org.junit.runners.BlockJUnit4ClassRunner.runChild(BlockJUnit4ClassRunner.java:63)
	at org.junit.runners.ParentRunner$4.run(ParentRunner.java:331)
	at org.junit.runners.ParentRunner$1.schedule(ParentRunner.java:79)
	at org.junit.runners.ParentRunner.runChildren(ParentRunner.java:329)
	at org.junit.runners.ParentRunner.access$100(ParentRunner.java:66)
	at org.junit.runners.ParentRunner$2.evaluate(ParentRunner.java:293)
	at org.junit.runners.ParentRunner$3.evaluate(ParentRunner.java:306)
	at org.junit.runners.ParentRunner.run(ParentRunner.java:413)
	at org.apache.maven.surefire.junit4.JUnit4Provider.execute(JUnit4Provider.java:316)
	at org.apache.maven.surefire.junit4.JUnit4Provider.executeWithRerun(JUnit4Provider.java:240)
	at org.apache.maven.surefire.junit4.JUnit4Provider.executeTestSet(JUnit4Provider.java:214)
	at org.apache.maven.surefire.junit4.JUnit4Provider.invoke(JUnit4Provider.java:155)
	at org.apache.maven.surefire.booter.ForkedBooter.runSuitesInProcess(ForkedBooter.java:385)
	at org.apache.maven.surefire.booter.ForkedBooter.execute(ForkedBooter.java:162)
	at org.apache.maven.surefire.booter.ForkedBooter.run(ForkedBooter.java:507)
	at org.apache.maven.surefire.booter.ForkedBooter.main(ForkedBooter.java:495)
Caused by: java.lang.RuntimeException: Build Errors:
Error Messages:
Message [id=1, kieBase=defaultKieBase, level=ERROR, path=rules/ValidationRules.drl, line=8, column=0
   text=[ERR 101] Line 8:19 no viable alternative at input ',' in rule "_10"]
Message [id=2, kieBase=defaultKieBase, level=ERROR, path=rules/ValidationRules.drl, line=18, column=0
   text=[ERR 101] Line 18:22 no viable alternative at input ',' in rule "_11"]
Message [id=3, kieBase=defaultKieBase, level=ERROR, path=rules/ValidationRules.drl, line=28, column=0
   text=[ERR 101] Line 28:19 no viable alternative at input ',' in rule "_12"]
Message [id=4, kieBase=defaultKieBase, level=ERROR, path=rules/ValidationRules.drl, line=0, column=0
   text=Parser returned a null Package]
---
Warning Messages:
---
Info Messages:

	at com.example.drools.service.DroolsService.initializeKieContainer(DroolsService.java:53)
	... 30 more

com.example.drools.service.DroolsServiceTest.testBoundarySalary10000 -- Time elapsed: 0.019 s <<< ERROR!
java.lang.RuntimeException: Failed to initialize Drools
	at com.example.drools.service.DroolsService.initializeKieContainer(DroolsService.java:61)
	at com.example.drools.service.DroolsService.<init>(DroolsService.java:23)
	at com.example.drools.service.DroolsServiceTest.setUp(DroolsServiceTest.java:17)
	at java.base/jdk.internal.reflect.DirectMethodHandleAccessor.invoke(DirectMethodHandleAccessor.java:103)
	at java.base/java.lang.reflect.Method.invoke(Method.java:580)
	at org.junit.runners.model.FrameworkMethod$1.runReflectiveCall(FrameworkMethod.java:59)
	at org.junit.internal.runners.model.ReflectiveCallable.run(ReflectiveCallable.java:12)
	at org.junit.runners.model.FrameworkMethod.invokeExplosively(FrameworkMethod.java:56)
	at org.junit.internal.runners.statements.RunBefores.invokeMethod(RunBefores.java:33)
	at org.junit.internal.runners.statements.RunBefores.evaluate(RunBefores.java:24)
	at org.junit.internal.runners.statements.RunAfters.evaluate(RunAfters.java:27)
	at org.junit.runners.ParentRunner$3.evaluate(ParentRunner.java:306)
	at org.junit.runners.BlockJUnit4ClassRunner$1.evaluate(BlockJUnit4ClassRunner.java:100)
	at org.junit.runners.ParentRunner.runLeaf(ParentRunner.java:366)
	at org.junit.runners.BlockJUnit4ClassRunner.runChild(BlockJUnit4ClassRunner.java:103)
	at org.junit.runners.BlockJUnit4ClassRunner.runChild(BlockJUnit4ClassRunner.java:63)
	at org.junit.runners.ParentRunner$4.run(ParentRunner.java:331)
	at org.junit.runners.ParentRunner$1.schedule(ParentRunner.java:79)
	at org.junit.runners.ParentRunner.runChildren(ParentRunner.java:329)
	at org.junit.runners.ParentRunner.access$100(ParentRunner.java:66)
	at org.junit.runners.ParentRunner$2.evaluate(ParentRunner.java:293)
	at org.junit.runners.ParentRunner$3.evaluate(ParentRunner.java:306)
	at org.junit.runners.ParentRunner.run(ParentRunner.java:413)
	at org.apache.maven.surefire.junit4.JUnit4Provider.execute(JUnit4Provider.java:316)
	at org.apache.maven.surefire.junit4.JUnit4Provider.executeWithRerun(JUnit4Provider.java:240)
	at org.apache.maven.surefire.junit4.JUnit4Provider.executeTestSet(JUnit4Provider.java:214)
	at org.apache.maven.surefire.junit4.JUnit4Provider.invoke(JUnit4Provider.java:155)
	at org.apache.maven.surefire.booter.ForkedBooter.runSuitesInProcess(ForkedBooter.java:385)
	at org.apache.maven.surefire.booter.ForkedBooter.execute(ForkedBooter.java:162)
	at org.apache.maven.surefire.booter.ForkedBooter.run(ForkedBooter.java:507)
	at org.apache.maven.surefire.booter.ForkedBooter.main(ForkedBooter.java:495)
Caused by: java.lang.RuntimeException: Build Errors:
Error Messages:
Message [id=1, kieBase=defaultKieBase, level=ERROR, path=rules/ValidationRules.drl, line=8, column=0
   text=[ERR 101] Line 8:19 no viable alternative at input ',' in rule "_10"]
Message [id=2, kieBase=defaultKieBase, level=ERROR, path=rules/ValidationRules.drl, line=18, column=0
   text=[ERR 101] Line 18:22 no viable alternative at input ',' in rule "_11"]
Message [id=3, kieBase=defaultKieBase, level=ERROR, path=rules/ValidationRules.drl, line=28, column=0
   text=[ERR 101] Line 28:19 no viable alternative at input ',' in rule "_12"]
Message [id=4, kieBase=defaultKieBase, level=ERROR, path=rules/ValidationRules.drl, line=0, column=0
   text=Parser returned a null Package]
---
Warning Messages:
---
Info Messages:

	at com.example.drools.service.DroolsService.initializeKieContainer(DroolsService.java:53)
	... 30 more

com.example.drools.service.DroolsServiceTest.testSalaryTooLow -- Time elapsed: 0.021 s <<< ERROR!
java.lang.RuntimeException: Failed to initialize Drools
	at com.example.drools.service.DroolsService.initializeKieContainer(DroolsService.java:61)
	at com.example.drools.service.DroolsService.<init>(DroolsService.java:23)
	at com.example.drools.service.DroolsServiceTest.setUp(DroolsServiceTest.java:17)
	at java.base/jdk.internal.reflect.DirectMethodHandleAccessor.invoke(DirectMethodHandleAccessor.java:103)
	at java.base/java.lang.reflect.Method.invoke(Method.java:580)
	at org.junit.runners.model.FrameworkMethod$1.runReflectiveCall(FrameworkMethod.java:59)
	at org.junit.internal.runners.model.ReflectiveCallable.run(ReflectiveCallable.java:12)
	at org.junit.runners.model.FrameworkMethod.invokeExplosively(FrameworkMethod.java:56)
	at org.junit.internal.runners.statements.RunBefores.invokeMethod(RunBefores.java:33)
	at org.junit.internal.runners.statements.RunBefores.evaluate(RunBefores.java:24)
	at org.junit.internal.runners.statements.RunAfters.evaluate(RunAfters.java:27)
	at org.junit.runners.ParentRunner$3.evaluate(ParentRunner.java:306)
	at org.junit.runners.BlockJUnit4ClassRunner$1.evaluate(BlockJUnit4ClassRunner.java:100)
	at org.junit.runners.ParentRunner.runLeaf(ParentRunner.java:366)
	at org.junit.runners.BlockJUnit4ClassRunner.runChild(BlockJUnit4ClassRunner.java:103)
	at org.junit.runners.BlockJUnit4ClassRunner.runChild(BlockJUnit4ClassRunner.java:63)
	at org.junit.runners.ParentRunner$4.run(ParentRunner.java:331)
	at org.junit.runners.ParentRunner$1.schedule(ParentRunner.java:79)
	at org.junit.runners.ParentRunner.runChildren(ParentRunner.java:329)
	at org.junit.runners.ParentRunner.access$100(ParentRunner.java:66)
	at org.junit.runners.ParentRunner$2.evaluate(ParentRunner.java:293)
	at org.junit.runners.ParentRunner$3.evaluate(ParentRunner.java:306)
	at org.junit.runners.ParentRunner.run(ParentRunner.java:413)
	at org.apache.maven.surefire.junit4.JUnit4Provider.execute(JUnit4Provider.java:316)
	at org.apache.maven.surefire.junit4.JUnit4Provider.executeWithRerun(JUnit4Provider.java:240)
	at org.apache.maven.surefire.junit4.JUnit4Provider.executeTestSet(JUnit4Provider.java:214)
	at org.apache.maven.surefire.junit4.JUnit4Provider.invoke(JUnit4Provider.java:155)
	at org.apache.maven.surefire.booter.ForkedBooter.runSuitesInProcess(ForkedBooter.java:385)
	at org.apache.maven.surefire.booter.ForkedBooter.execute(ForkedBooter.java:162)
	at org.apache.maven.surefire.booter.ForkedBooter.run(ForkedBooter.java:507)
	at org.apache.maven.surefire.booter.ForkedBooter.main(ForkedBooter.java:495)
Caused by: java.lang.RuntimeException: Build Errors:
Error Messages:
Message [id=1, kieBase=defaultKieBase, level=ERROR, path=rules/ValidationRules.drl, line=8, column=0
   text=[ERR 101] Line 8:19 no viable alternative at input ',' in rule "_10"]
Message [id=2, kieBase=defaultKieBase, level=ERROR, path=rules/ValidationRules.drl, line=18, column=0
   text=[ERR 101] Line 18:22 no viable alternative at input ',' in rule "_11"]
Message [id=3, kieBase=defaultKieBase, level=ERROR, path=rules/ValidationRules.drl, line=28, column=0
   text=[ERR 101] Line 28:19 no viable alternative at input ',' in rule "_12"]
Message [id=4, kieBase=defaultKieBase, level=ERROR, path=rules/ValidationRules.drl, line=0, column=0
   text=Parser returned a null Package]
---
Warning Messages:
---
Info Messages:

	at com.example.drools.service.DroolsService.initializeKieContainer(DroolsService.java:53)
	... 30 more

com.example.drools.service.DroolsServiceTest.testApprovedCase -- Time elapsed: 0.016 s <<< ERROR!
java.lang.RuntimeException: Failed to initialize Drools
	at com.example.drools.service.DroolsService.initializeKieContainer(DroolsService.java:61)
	at com.example.drools.service.DroolsService.<init>(DroolsService.java:23)
	at com.example.drools.service.DroolsServiceTest.setUp(DroolsServiceTest.java:17)
	at java.base/jdk.internal.reflect.DirectMethodHandleAccessor.invoke(DirectMethodHandleAccessor.java:103)
	at java.base/java.lang.reflect.Method.invoke(Method.java:580)
	at org.junit.runners.model.FrameworkMethod$1.runReflectiveCall(FrameworkMethod.java:59)
	at org.junit.internal.runners.model.ReflectiveCallable.run(ReflectiveCallable.java:12)
	at org.junit.runners.model.FrameworkMethod.invokeExplosively(FrameworkMethod.java:56)
	at org.junit.internal.runners.statements.RunBefores.invokeMethod(RunBefores.java:33)
	at org.junit.internal.runners.statements.RunBefores.evaluate(RunBefores.java:24)
	at org.junit.internal.runners.statements.RunAfters.evaluate(RunAfters.java:27)
	at org.junit.runners.ParentRunner$3.evaluate(ParentRunner.java:306)
	at org.junit.runners.BlockJUnit4ClassRunner$1.evaluate(BlockJUnit4ClassRunner.java:100)
	at org.junit.runners.ParentRunner.runLeaf(ParentRunner.java:366)
	at org.junit.runners.BlockJUnit4ClassRunner.runChild(BlockJUnit4ClassRunner.java:103)
	at org.junit.runners.BlockJUnit4ClassRunner.runChild(BlockJUnit4ClassRunner.java:63)
	at org.junit.runners.ParentRunner$4.run(ParentRunner.java:331)
	at org.junit.runners.ParentRunner$1.schedule(ParentRunner.java:79)
	at org.junit.runners.ParentRunner.runChildren(ParentRunner.java:329)
	at org.junit.runners.ParentRunner.access$100(ParentRunner.java:66)
	at org.junit.runners.ParentRunner$2.evaluate(ParentRunner.java:293)
	at org.junit.runners.ParentRunner$3.evaluate(ParentRunner.java:306)
	at org.junit.runners.ParentRunner.run(ParentRunner.java:413)
	at org.apache.maven.surefire.junit4.JUnit4Provider.execute(JUnit4Provider.java:316)
	at org.apache.maven.surefire.junit4.JUnit4Provider.executeWithRerun(JUnit4Provider.java:240)
	at org.apache.maven.surefire.junit4.JUnit4Provider.executeTestSet(JUnit4Provider.java:214)
	at org.apache.maven.surefire.junit4.JUnit4Provider.invoke(JUnit4Provider.java:155)
	at org.apache.maven.surefire.booter.ForkedBooter.runSuitesInProcess(ForkedBooter.java:385)
	at org.apache.maven.surefire.booter.ForkedBooter.execute(ForkedBooter.java:162)
	at org.apache.maven.surefire.booter.ForkedBooter.run(ForkedBooter.java:507)
	at org.apache.maven.surefire.booter.ForkedBooter.main(ForkedBooter.java:495)
Caused by: java.lang.RuntimeException: Build Errors:
Error Messages:
Message [id=1, kieBase=defaultKieBase, level=ERROR, path=rules/ValidationRules.drl, line=8, column=0
   text=[ERR 101] Line 8:19 no viable alternative at input ',' in rule "_10"]
Message [id=2, kieBase=defaultKieBase, level=ERROR, path=rules/ValidationRules.drl, line=18, column=0
   text=[ERR 101] Line 18:22 no viable alternative at input ',' in rule "_11"]
Message [id=3, kieBase=defaultKieBase, level=ERROR, path=rules/ValidationRules.drl, line=28, column=0
   text=[ERR 101] Line 28:19 no viable alternative at input ',' in rule "_12"]
Message [id=4, kieBase=defaultKieBase, level=ERROR, path=rules/ValidationRules.drl, line=0, column=0
   text=Parser returned a null Package]
---
Warning Messages:
---
Info Messages:

	at com.example.drools.service.DroolsService.initializeKieContainer(DroolsService.java:53)
	... 30 more

