<?xml version="1.0" encoding="UTF-8"?>
<testsuite xmlns:xsi="http://www.w3.org/2001/XMLSchema-instance" xsi:noNamespaceSchemaLocation="https://maven.apache.org/surefire/maven-surefire-plugin/xsd/surefire-test-report-3.0.xsd" version="3.0" name="com.example.drools.service.DroolsServiceTest" time="1.064" tests="8" errors="8" skipped="0" failures="0">
  <properties>
    <property name="java.specification.version" value="22"/>
    <property name="sun.jnu.encoding" value="UTF-8"/>
    <property name="java.class.path" value="/Users/bhavya/Desktop/drools-excel-rules/target/test-classes:/Users/bhavya/Desktop/drools-excel-rules/target/classes:/Users/bhavya/.m2/repository/org/drools/drools-core/8.44.0.Final/drools-core-8.44.0.Final.jar:/Users/bhavya/.m2/repository/org/kie/kie-api/8.44.0.Final/kie-api-8.44.0.Final.jar:/Users/bhavya/.m2/repository/org/kie/kie-internal/8.44.0.Final/kie-internal-8.44.0.Final.jar:/Users/bhavya/.m2/repository/org/kie/kie-util-xml/8.44.0.Final/kie-util-xml-8.44.0.Final.jar:/Users/bhavya/.m2/repository/org/drools/drools-wiring-api/8.44.0.Final/drools-wiring-api-8.44.0.Final.jar:/Users/bhavya/.m2/repository/org/drools/drools-base/8.44.0.Final/drools-base-8.44.0.Final.jar:/Users/bhavya/.m2/repository/org/drools/drools-util/8.44.0.Final/drools-util-8.44.0.Final.jar:/Users/bhavya/.m2/repository/org/drools/drools-wiring-static/8.44.0.Final/drools-wiring-static-8.44.0.Final.jar:/Users/bhavya/.m2/repository/org/drools/drools-io/8.44.0.Final/drools-io-8.44.0.Final.jar:/Users/bhavya/.m2/repository/commons-codec/commons-codec/1.15/commons-codec-1.15.jar:/Users/bhavya/.m2/repository/org/drools/drools-compiler/8.44.0.Final/drools-compiler-8.44.0.Final.jar:/Users/bhavya/.m2/repository/org/drools/drools-drl-parser/8.44.0.Final/drools-drl-parser-8.44.0.Final.jar:/Users/bhavya/.m2/repository/org/drools/drools-drl-extensions/8.44.0.Final/drools-drl-extensions-8.44.0.Final.jar:/Users/bhavya/.m2/repository/org/drools/drools-drl-ast/8.44.0.Final/drools-drl-ast-8.44.0.Final.jar:/Users/bhavya/.m2/repository/org/drools/drools-kiesession/8.44.0.Final/drools-kiesession-8.44.0.Final.jar:/Users/bhavya/.m2/repository/org/kie/kie-memory-compiler/8.44.0.Final/kie-memory-compiler-8.44.0.Final.jar:/Users/bhavya/.m2/repository/org/drools/drools-ecj/8.44.0.Final/drools-ecj-8.44.0.Final.jar:/Users/bhavya/.m2/repository/org/eclipse/jdt/ecj/3.33.0/ecj-3.33.0.jar:/Users/bhavya/.m2/repository/org/kie/kie-util-maven-support/8.44.0.Final/kie-util-maven-support-8.44.0.Final.jar:/Users/bhavya/.m2/repository/org/antlr/antlr-runtime/3.5.2/antlr-runtime-3.5.2.jar:/Users/bhavya/.m2/repository/org/drools/drools-mvel/8.44.0.Final/drools-mvel-8.44.0.Final.jar:/Users/bhavya/.m2/repository/org/mvel/mvel2/2.5.0.Final/mvel2-2.5.0.Final.jar:/Users/bhavya/.m2/repository/org/drools/drools-wiring-dynamic/8.44.0.Final/drools-wiring-dynamic-8.44.0.Final.jar:/Users/bhavya/.m2/repository/org/drools/drools-decisiontables/8.44.0.Final/drools-decisiontables-8.44.0.Final.jar:/Users/bhavya/.m2/repository/org/drools/drools-templates/8.44.0.Final/drools-templates-8.44.0.Final.jar:/Users/bhavya/.m2/repository/org/apache/poi/poi/5.2.3/poi-5.2.3.jar:/Users/bhavya/.m2/repository/org/apache/commons/commons-collections4/4.4/commons-collections4-4.4.jar:/Users/bhavya/.m2/repository/org/apache/commons/commons-math3/3.6.1/commons-math3-3.6.1.jar:/Users/bhavya/.m2/repository/commons-io/commons-io/2.11.0/commons-io-2.11.0.jar:/Users/bhavya/.m2/repository/com/zaxxer/SparseBitSet/1.2/SparseBitSet-1.2.jar:/Users/bhavya/.m2/repository/org/apache/logging/log4j/log4j-api/2.18.0/log4j-api-2.18.0.jar:/Users/bhavya/.m2/repository/org/apache/poi/poi-ooxml/5.2.3/poi-ooxml-5.2.3.jar:/Users/bhavya/.m2/repository/org/apache/poi/poi-ooxml-lite/5.2.3/poi-ooxml-lite-5.2.3.jar:/Users/bhavya/.m2/repository/org/apache/xmlbeans/xmlbeans/5.1.1/xmlbeans-5.1.1.jar:/Users/bhavya/.m2/repository/org/apache/commons/commons-compress/1.21/commons-compress-1.21.jar:/Users/bhavya/.m2/repository/com/github/virtuald/curvesapi/1.07/curvesapi-1.07.jar:/Users/bhavya/.m2/repository/org/slf4j/slf4j-api/2.0.9/slf4j-api-2.0.9.jar:/Users/bhavya/.m2/repository/ch/qos/logback/logback-classic/1.4.11/logback-classic-1.4.11.jar:/Users/bhavya/.m2/repository/ch/qos/logback/logback-core/1.4.11/logback-core-1.4.11.jar:/Users/bhavya/.m2/repository/junit/junit/4.13.2/junit-4.13.2.jar:/Users/bhavya/.m2/repository/org/hamcrest/hamcrest-core/1.3/hamcrest-core-1.3.jar:"/>
    <property name="java.vm.vendor" value="Oracle Corporation"/>
    <property name="sun.arch.data.model" value="64"/>
    <property name="java.vendor.url" value="https://java.oracle.com/"/>
    <property name="os.name" value="Mac OS X"/>
    <property name="java.vm.specification.version" value="22"/>
    <property name="sun.java.launcher" value="SUN_STANDARD"/>
    <property name="user.country" value="IN"/>
    <property name="sun.boot.library.path" value="/Users/bhavya/Library/Java/JavaVirtualMachines/openjdk-22.0.1/Contents/Home/lib"/>
    <property name="sun.java.command" value="/Users/bhavya/Desktop/drools-excel-rules/target/surefire/surefirebooter-20251108014512704_3.jar /Users/bhavya/Desktop/drools-excel-rules/target/surefire 2025-11-08T01-45-12_650-jvmRun1 surefire-20251108014512704_1tmp surefire_0-20251108014512704_2tmp"/>
    <property name="http.nonProxyHosts" value="local|*.local|169.254/16|*.169.254/16"/>
    <property name="jdk.debug" value="release"/>
    <property name="surefire.test.class.path" value="/Users/bhavya/Desktop/drools-excel-rules/target/test-classes:/Users/bhavya/Desktop/drools-excel-rules/target/classes:/Users/bhavya/.m2/repository/org/drools/drools-core/8.44.0.Final/drools-core-8.44.0.Final.jar:/Users/bhavya/.m2/repository/org/kie/kie-api/8.44.0.Final/kie-api-8.44.0.Final.jar:/Users/bhavya/.m2/repository/org/kie/kie-internal/8.44.0.Final/kie-internal-8.44.0.Final.jar:/Users/bhavya/.m2/repository/org/kie/kie-util-xml/8.44.0.Final/kie-util-xml-8.44.0.Final.jar:/Users/bhavya/.m2/repository/org/drools/drools-wiring-api/8.44.0.Final/drools-wiring-api-8.44.0.Final.jar:/Users/bhavya/.m2/repository/org/drools/drools-base/8.44.0.Final/drools-base-8.44.0.Final.jar:/Users/bhavya/.m2/repository/org/drools/drools-util/8.44.0.Final/drools-util-8.44.0.Final.jar:/Users/bhavya/.m2/repository/org/drools/drools-wiring-static/8.44.0.Final/drools-wiring-static-8.44.0.Final.jar:/Users/bhavya/.m2/repository/org/drools/drools-io/8.44.0.Final/drools-io-8.44.0.Final.jar:/Users/bhavya/.m2/repository/commons-codec/commons-codec/1.15/commons-codec-1.15.jar:/Users/bhavya/.m2/repository/org/drools/drools-compiler/8.44.0.Final/drools-compiler-8.44.0.Final.jar:/Users/bhavya/.m2/repository/org/drools/drools-drl-parser/8.44.0.Final/drools-drl-parser-8.44.0.Final.jar:/Users/bhavya/.m2/repository/org/drools/drools-drl-extensions/8.44.0.Final/drools-drl-extensions-8.44.0.Final.jar:/Users/bhavya/.m2/repository/org/drools/drools-drl-ast/8.44.0.Final/drools-drl-ast-8.44.0.Final.jar:/Users/bhavya/.m2/repository/org/drools/drools-kiesession/8.44.0.Final/drools-kiesession-8.44.0.Final.jar:/Users/bhavya/.m2/repository/org/kie/kie-memory-compiler/8.44.0.Final/kie-memory-compiler-8.44.0.Final.jar:/Users/bhavya/.m2/repository/org/drools/drools-ecj/8.44.0.Final/drools-ecj-8.44.0.Final.jar:/Users/bhavya/.m2/repository/org/eclipse/jdt/ecj/3.33.0/ecj-3.33.0.jar:/Users/bhavya/.m2/repository/org/kie/kie-util-maven-support/8.44.0.Final/kie-util-maven-support-8.44.0.Final.jar:/Users/bhavya/.m2/repository/org/antlr/antlr-runtime/3.5.2/antlr-runtime-3.5.2.jar:/Users/bhavya/.m2/repository/org/drools/drools-mvel/8.44.0.Final/drools-mvel-8.44.0.Final.jar:/Users/bhavya/.m2/repository/org/mvel/mvel2/2.5.0.Final/mvel2-2.5.0.Final.jar:/Users/bhavya/.m2/repository/org/drools/drools-wiring-dynamic/8.44.0.Final/drools-wiring-dynamic-8.44.0.Final.jar:/Users/bhavya/.m2/repository/org/drools/drools-decisiontables/8.44.0.Final/drools-decisiontables-8.44.0.Final.jar:/Users/bhavya/.m2/repository/org/drools/drools-templates/8.44.0.Final/drools-templates-8.44.0.Final.jar:/Users/bhavya/.m2/repository/org/apache/poi/poi/5.2.3/poi-5.2.3.jar:/Users/bhavya/.m2/repository/org/apache/commons/commons-collections4/4.4/commons-collections4-4.4.jar:/Users/bhavya/.m2/repository/org/apache/commons/commons-math3/3.6.1/commons-math3-3.6.1.jar:/Users/bhavya/.m2/repository/commons-io/commons-io/2.11.0/commons-io-2.11.0.jar:/Users/bhavya/.m2/repository/com/zaxxer/SparseBitSet/1.2/SparseBitSet-1.2.jar:/Users/bhavya/.m2/repository/org/apache/logging/log4j/log4j-api/2.18.0/log4j-api-2.18.0.jar:/Users/bhavya/.m2/repository/org/apache/poi/poi-ooxml/5.2.3/poi-ooxml-5.2.3.jar:/Users/bhavya/.m2/repository/org/apache/poi/poi-ooxml-lite/5.2.3/poi-ooxml-lite-5.2.3.jar:/Users/bhavya/.m2/repository/org/apache/xmlbeans/xmlbeans/5.1.1/xmlbeans-5.1.1.jar:/Users/bhavya/.m2/repository/org/apache/commons/commons-compress/1.21/commons-compress-1.21.jar:/Users/bhavya/.m2/repository/com/github/virtuald/curvesapi/1.07/curvesapi-1.07.jar:/Users/bhavya/.m2/repository/org/slf4j/slf4j-api/2.0.9/slf4j-api-2.0.9.jar:/Users/bhavya/.m2/repository/ch/qos/logback/logback-classic/1.4.11/logback-classic-1.4.11.jar:/Users/bhavya/.m2/repository/ch/qos/logback/logback-core/1.4.11/logback-core-1.4.11.jar:/Users/bhavya/.m2/repository/junit/junit/4.13.2/junit-4.13.2.jar:/Users/bhavya/.m2/repository/org/hamcrest/hamcrest-core/1.3/hamcrest-core-1.3.jar:"/>
    <property name="sun.cpu.endian" value="little"/>
    <property name="user.home" value="/Users/bhavya"/>
    <property name="user.language" value="en"/>
    <property name="java.specification.vendor" value="Oracle Corporation"/>
    <property name="java.version.date" value="2024-04-16"/>
    <property name="java.home" value="/Users/bhavya/Library/Java/JavaVirtualMachines/openjdk-22.0.1/Contents/Home"/>
    <property name="file.separator" value="/"/>
    <property name="basedir" value="/Users/bhavya/Desktop/drools-excel-rules"/>
    <property name="java.vm.compressedOopsMode" value="Zero based"/>
    <property name="line.separator" value="&#10;"/>
    <property name="java.vm.specification.vendor" value="Oracle Corporation"/>
    <property name="java.specification.name" value="Java Platform API Specification"/>
    <property name="apple.awt.application.name" value="ForkedBooter"/>
    <property name="surefire.real.class.path" value="/Users/bhavya/Desktop/drools-excel-rules/target/surefire/surefirebooter-20251108014512704_3.jar"/>
    <property name="sun.management.compiler" value="HotSpot 64-Bit Tiered Compilers"/>
    <property name="ftp.nonProxyHosts" value="local|*.local|169.254/16|*.169.254/16"/>
    <property name="java.runtime.version" value="22.0.1+8-16"/>
    <property name="user.name" value="bhavya"/>
    <property name="stdout.encoding" value="UTF-8"/>
    <property name="path.separator" value=":"/>
    <property name="os.version" value="26.0.1"/>
    <property name="java.runtime.name" value="OpenJDK Runtime Environment"/>
    <property name="file.encoding" value="UTF-8"/>
    <property name="java.vm.name" value="OpenJDK 64-Bit Server VM"/>
    <property name="localRepository" value="/Users/bhavya/.m2/repository"/>
    <property name="java.vendor.url.bug" value="https://bugreport.java.com/bugreport/"/>
    <property name="java.io.tmpdir" value="/var/folders/vj/6mmx_g89399_7v8m1vw70br40000gn/T/"/>
    <property name="java.version" value="22.0.1"/>
    <property name="user.dir" value="/Users/bhavya/Desktop/drools-excel-rules"/>
    <property name="os.arch" value="aarch64"/>
    <property name="java.vm.specification.name" value="Java Virtual Machine Specification"/>
    <property name="native.encoding" value="UTF-8"/>
    <property name="java.library.path" value="/Users/bhavya/Library/Java/Extensions:/Library/Java/Extensions:/Network/Library/Java/Extensions:/System/Library/Java/Extensions:/usr/lib/java:."/>
    <property name="java.vm.info" value="mixed mode, sharing"/>
    <property name="stderr.encoding" value="UTF-8"/>
    <property name="java.vendor" value="Oracle Corporation"/>
    <property name="java.vm.version" value="22.0.1+8-16"/>
    <property name="sun.io.unicode.encoding" value="UnicodeBig"/>
    <property name="socksNonProxyHosts" value="local|*.local|169.254/16|*.169.254/16"/>
    <property name="java.class.version" value="66.0"/>
  </properties>
  <testcase name="testAgeTooLow" classname="com.example.drools.service.DroolsServiceTest" time="0.853">
    <error message="Failed to initialize Drools" type="java.lang.RuntimeException"><![CDATA[java.lang.RuntimeException: Failed to initialize Drools
	at com.example.drools.service.DroolsService.initializeKieContainer(DroolsService.java:61)
	at com.example.drools.service.DroolsService.<init>(DroolsService.java:23)
	at com.example.drools.service.DroolsServiceTest.setUp(DroolsServiceTest.java:17)
	at java.base/jdk.internal.reflect.DirectMethodHandleAccessor.invoke(DirectMethodHandleAccessor.java:103)
	at java.base/java.lang.reflect.Method.invoke(Method.java:580)
	at org.junit.runners.model.FrameworkMethod$1.runReflectiveCall(FrameworkMethod.java:59)
	at org.junit.internal.runners.model.ReflectiveCallable.run(ReflectiveCallable.java:12)
	at org.junit.runners.model.FrameworkMethod.invokeExplosively(FrameworkMethod.java:56)
	at org.junit.internal.runners.statements.RunBefores.invokeMethod(RunBefores.java:33)
	at org.junit.internal.runners.statements.RunBefores.evaluate(RunBefores.java:24)
	at org.junit.internal.runners.statements.RunAfters.evaluate(RunAfters.java:27)
	at org.junit.runners.ParentRunner$3.evaluate(ParentRunner.java:306)
	at org.junit.runners.BlockJUnit4ClassRunner$1.evaluate(BlockJUnit4ClassRunner.java:100)
	at org.junit.runners.ParentRunner.runLeaf(ParentRunner.java:366)
	at org.junit.runners.BlockJUnit4ClassRunner.runChild(BlockJUnit4ClassRunner.java:103)
	at org.junit.runners.BlockJUnit4ClassRunner.runChild(BlockJUnit4ClassRunner.java:63)
	at org.junit.runners.ParentRunner$4.run(ParentRunner.java:331)
	at org.junit.runners.ParentRunner$1.schedule(ParentRunner.java:79)
	at org.junit.runners.ParentRunner.runChildren(ParentRunner.java:329)
	at org.junit.runners.ParentRunner.access$100(ParentRunner.java:66)
	at org.junit.runners.ParentRunner$2.evaluate(ParentRunner.java:293)
	at org.junit.runners.ParentRunner$3.evaluate(ParentRunner.java:306)
	at org.junit.runners.ParentRunner.run(ParentRunner.java:413)
	at org.apache.maven.surefire.junit4.JUnit4Provider.execute(JUnit4Provider.java:316)
	at org.apache.maven.surefire.junit4.JUnit4Provider.executeWithRerun(JUnit4Provider.java:240)
	at org.apache.maven.surefire.junit4.JUnit4Provider.executeTestSet(JUnit4Provider.java:214)
	at org.apache.maven.surefire.junit4.JUnit4Provider.invoke(JUnit4Provider.java:155)
	at org.apache.maven.surefire.booter.ForkedBooter.runSuitesInProcess(ForkedBooter.java:385)
	at org.apache.maven.surefire.booter.ForkedBooter.execute(ForkedBooter.java:162)
	at org.apache.maven.surefire.booter.ForkedBooter.run(ForkedBooter.java:507)
	at org.apache.maven.surefire.booter.ForkedBooter.main(ForkedBooter.java:495)
Caused by: java.lang.RuntimeException: Build Errors:
Error Messages:
Message [id=1, kieBase=defaultKieBase, level=ERROR, path=rules/ValidationRules.drl, line=8, column=0
   text=[ERR 101] Line 8:19 no viable alternative at input ',' in rule "_10"]
Message [id=2, kieBase=defaultKieBase, level=ERROR, path=rules/ValidationRules.drl, line=18, column=0
   text=[ERR 101] Line 18:22 no viable alternative at input ',' in rule "_11"]
Message [id=3, kieBase=defaultKieBase, level=ERROR, path=rules/ValidationRules.drl, line=28, column=0
   text=[ERR 101] Line 28:19 no viable alternative at input ',' in rule "_12"]
Message [id=4, kieBase=defaultKieBase, level=ERROR, path=rules/ValidationRules.drl, line=0, column=0
   text=Parser returned a null Package]
---
Warning Messages:
---
Info Messages:

	at com.example.drools.service.DroolsService.initializeKieContainer(DroolsService.java:53)
	... 30 more
]]></error>
    <system-out><![CDATA[01:45:13.510 [main] INFO  c.e.drools.service.DroolsService - Generated DRL from Excel:
01:45:13.512 [main] INFO  c.e.drools.service.DroolsService - package com.example.drools.rules;
//generated from Decision Table
import com.example.drools.model.Person;
import com.example.drools.model.ValidationResult;
// rule values at A10, header at A5
rule "_10"
	when
		p: Person(age >= , 20, age < , 20)
		p: Person(salary >= 10000,, salary < 10000,)
	then
		r: ValidationResult.setMessage("Age is less than 20. Minimum age requirement not met.");
		r: ValidationResult.setStatus("AGE_TOO_LOW");
end

// rule values at A11, header at A5
rule "_11"
	when
		p: Person(age >= 20,, age < 20,)
		p: Person(salary >= , 10000, salary < , 10000)
	then
		r: ValidationResult.setMessage("Income is less than 10000. Minimum salary requirement not met.");
		r: ValidationResult.setStatus("SALARY_TOO_LOW");
end

// rule values at A12, header at A5
rule "_12"
	when
		p: Person(age >= , 20, age < , 20)
		p: Person(salary >= , 10000, salary < , 10000)
	then
		r: ValidationResult.setMessage("Both age and income are below requirements.");
		r: ValidationResult.setStatus("BOTH_TOO_LOW");
end


01:45:13.540 [main] WARN  o.d.c.k.builder.impl.KieBuilderImpl - File 'rules/ValidationRules.drl' is in folder 'rules' but declares package 'com.example.drools.rules'. It is advised to have a correspondance between package and folder names.
01:45:13.781 [main] ERROR o.d.c.kie.builder.impl.KieProject - Unable to build KieBaseModel:defaultKieBase
[8,19]: [ERR 101] Line 8:19 no viable alternative at input ',' in rule "_10"
[18,22]: [ERR 101] Line 18:22 no viable alternative at input ',' in rule "_11"
[28,19]: [ERR 101] Line 28:19 no viable alternative at input ',' in rule "_12"
[0,0]: Parser returned a null Package

01:45:13.784 [main] ERROR c.e.drools.service.DroolsService - Error initializing Drools
java.lang.RuntimeException: Build Errors:
Error Messages:
Message [id=1, kieBase=defaultKieBase, level=ERROR, path=rules/ValidationRules.drl, line=8, column=0
   text=[ERR 101] Line 8:19 no viable alternative at input ',' in rule "_10"]
Message [id=2, kieBase=defaultKieBase, level=ERROR, path=rules/ValidationRules.drl, line=18, column=0
   text=[ERR 101] Line 18:22 no viable alternative at input ',' in rule "_11"]
Message [id=3, kieBase=defaultKieBase, level=ERROR, path=rules/ValidationRules.drl, line=28, column=0
   text=[ERR 101] Line 28:19 no viable alternative at input ',' in rule "_12"]
Message [id=4, kieBase=defaultKieBase, level=ERROR, path=rules/ValidationRules.drl, line=0, column=0
   text=Parser returned a null Package]
---
Warning Messages:
---
Info Messages:

	at com.example.drools.service.DroolsService.initializeKieContainer(DroolsService.java:53)
	at com.example.drools.service.DroolsService.<init>(DroolsService.java:23)
	at com.example.drools.service.DroolsServiceTest.setUp(DroolsServiceTest.java:17)
	at java.base/jdk.internal.reflect.DirectMethodHandleAccessor.invoke(DirectMethodHandleAccessor.java:103)
	at java.base/java.lang.reflect.Method.invoke(Method.java:580)
	at org.junit.runners.model.FrameworkMethod$1.runReflectiveCall(FrameworkMethod.java:59)
	at org.junit.internal.runners.model.ReflectiveCallable.run(ReflectiveCallable.java:12)
	at org.junit.runners.model.FrameworkMethod.invokeExplosively(FrameworkMethod.java:56)
	at org.junit.internal.runners.statements.RunBefores.invokeMethod(RunBefores.java:33)
	at org.junit.internal.runners.statements.RunBefores.evaluate(RunBefores.java:24)
	at org.junit.internal.runners.statements.RunAfters.evaluate(RunAfters.java:27)
	at org.junit.runners.ParentRunner$3.evaluate(ParentRunner.java:306)
	at org.junit.runners.BlockJUnit4ClassRunner$1.evaluate(BlockJUnit4ClassRunner.java:100)
	at org.junit.runners.ParentRunner.runLeaf(ParentRunner.java:366)
	at org.junit.runners.BlockJUnit4ClassRunner.runChild(BlockJUnit4ClassRunner.java:103)
	at org.junit.runners.BlockJUnit4ClassRunner.runChild(BlockJUnit4ClassRunner.java:63)
	at org.junit.runners.ParentRunner$4.run(ParentRunner.java:331)
	at org.junit.runners.ParentRunner$1.schedule(ParentRunner.java:79)
	at org.junit.runners.ParentRunner.runChildren(ParentRunner.java:329)
	at org.junit.runners.ParentRunner.access$100(ParentRunner.java:66)
	at org.junit.runners.ParentRunner$2.evaluate(ParentRunner.java:293)
	at org.junit.runners.ParentRunner$3.evaluate(ParentRunner.java:306)
	at org.junit.runners.ParentRunner.run(ParentRunner.java:413)
	at org.apache.maven.surefire.junit4.JUnit4Provider.execute(JUnit4Provider.java:316)
	at org.apache.maven.surefire.junit4.JUnit4Provider.executeWithRerun(JUnit4Provider.java:240)
	at org.apache.maven.surefire.junit4.JUnit4Provider.executeTestSet(JUnit4Provider.java:214)
	at org.apache.maven.surefire.junit4.JUnit4Provider.invoke(JUnit4Provider.java:155)
	at org.apache.maven.surefire.booter.ForkedBooter.runSuitesInProcess(ForkedBooter.java:385)
	at org.apache.maven.surefire.booter.ForkedBooter.execute(ForkedBooter.java:162)
	at org.apache.maven.surefire.booter.ForkedBooter.run(ForkedBooter.java:507)
	at org.apache.maven.surefire.booter.ForkedBooter.main(ForkedBooter.java:495)
]]></system-out>
    <system-err><![CDATA[ERROR StatusLogger Log4j2 could not find a logging implementation. Please add log4j-core to the classpath. Using SimpleLogger to log to the console...
]]></system-err>
  </testcase>
  <testcase name="testBoundaryAge19" classname="com.example.drools.service.DroolsServiceTest" time="0.03">
    <error message="Failed to initialize Drools" type="java.lang.RuntimeException"><![CDATA[java.lang.RuntimeException: Failed to initialize Drools
	at com.example.drools.service.DroolsService.initializeKieContainer(DroolsService.java:61)
	at com.example.drools.service.DroolsService.<init>(DroolsService.java:23)
	at com.example.drools.service.DroolsServiceTest.setUp(DroolsServiceTest.java:17)
	at java.base/jdk.internal.reflect.DirectMethodHandleAccessor.invoke(DirectMethodHandleAccessor.java:103)
	at java.base/java.lang.reflect.Method.invoke(Method.java:580)
	at org.junit.runners.model.FrameworkMethod$1.runReflectiveCall(FrameworkMethod.java:59)
	at org.junit.internal.runners.model.ReflectiveCallable.run(ReflectiveCallable.java:12)
	at org.junit.runners.model.FrameworkMethod.invokeExplosively(FrameworkMethod.java:56)
	at org.junit.internal.runners.statements.RunBefores.invokeMethod(RunBefores.java:33)
	at org.junit.internal.runners.statements.RunBefores.evaluate(RunBefores.java:24)
	at org.junit.internal.runners.statements.RunAfters.evaluate(RunAfters.java:27)
	at org.junit.runners.ParentRunner$3.evaluate(ParentRunner.java:306)
	at org.junit.runners.BlockJUnit4ClassRunner$1.evaluate(BlockJUnit4ClassRunner.java:100)
	at org.junit.runners.ParentRunner.runLeaf(ParentRunner.java:366)
	at org.junit.runners.BlockJUnit4ClassRunner.runChild(BlockJUnit4ClassRunner.java:103)
	at org.junit.runners.BlockJUnit4ClassRunner.runChild(BlockJUnit4ClassRunner.java:63)
	at org.junit.runners.ParentRunner$4.run(ParentRunner.java:331)
	at org.junit.runners.ParentRunner$1.schedule(ParentRunner.java:79)
	at org.junit.runners.ParentRunner.runChildren(ParentRunner.java:329)
	at org.junit.runners.ParentRunner.access$100(ParentRunner.java:66)
	at org.junit.runners.ParentRunner$2.evaluate(ParentRunner.java:293)
	at org.junit.runners.ParentRunner$3.evaluate(ParentRunner.java:306)
	at org.junit.runners.ParentRunner.run(ParentRunner.java:413)
	at org.apache.maven.surefire.junit4.JUnit4Provider.execute(JUnit4Provider.java:316)
	at org.apache.maven.surefire.junit4.JUnit4Provider.executeWithRerun(JUnit4Provider.java:240)
	at org.apache.maven.surefire.junit4.JUnit4Provider.executeTestSet(JUnit4Provider.java:214)
	at org.apache.maven.surefire.junit4.JUnit4Provider.invoke(JUnit4Provider.java:155)
	at org.apache.maven.surefire.booter.ForkedBooter.runSuitesInProcess(ForkedBooter.java:385)
	at org.apache.maven.surefire.booter.ForkedBooter.execute(ForkedBooter.java:162)
	at org.apache.maven.surefire.booter.ForkedBooter.run(ForkedBooter.java:507)
	at org.apache.maven.surefire.booter.ForkedBooter.main(ForkedBooter.java:495)
Caused by: java.lang.RuntimeException: Build Errors:
Error Messages:
Message [id=1, kieBase=defaultKieBase, level=ERROR, path=rules/ValidationRules.drl, line=8, column=0
   text=[ERR 101] Line 8:19 no viable alternative at input ',' in rule "_10"]
Message [id=2, kieBase=defaultKieBase, level=ERROR, path=rules/ValidationRules.drl, line=18, column=0
   text=[ERR 101] Line 18:22 no viable alternative at input ',' in rule "_11"]
Message [id=3, kieBase=defaultKieBase, level=ERROR, path=rules/ValidationRules.drl, line=28, column=0
   text=[ERR 101] Line 28:19 no viable alternative at input ',' in rule "_12"]
Message [id=4, kieBase=defaultKieBase, level=ERROR, path=rules/ValidationRules.drl, line=0, column=0
   text=Parser returned a null Package]
---
Warning Messages:
---
Info Messages:

	at com.example.drools.service.DroolsService.initializeKieContainer(DroolsService.java:53)
	... 30 more
]]></error>
    <system-out><![CDATA[01:45:13.829 [main] INFO  c.e.drools.service.DroolsService - Generated DRL from Excel:
01:45:13.829 [main] INFO  c.e.drools.service.DroolsService - package com.example.drools.rules;
//generated from Decision Table
import com.example.drools.model.Person;
import com.example.drools.model.ValidationResult;
// rule values at A10, header at A5
rule "_10"
	when
		p: Person(age >= , 20, age < , 20)
		p: Person(salary >= 10000,, salary < 10000,)
	then
		r: ValidationResult.setMessage("Age is less than 20. Minimum age requirement not met.");
		r: ValidationResult.setStatus("AGE_TOO_LOW");
end

// rule values at A11, header at A5
rule "_11"
	when
		p: Person(age >= 20,, age < 20,)
		p: Person(salary >= , 10000, salary < , 10000)
	then
		r: ValidationResult.setMessage("Income is less than 10000. Minimum salary requirement not met.");
		r: ValidationResult.setStatus("SALARY_TOO_LOW");
end

// rule values at A12, header at A5
rule "_12"
	when
		p: Person(age >= , 20, age < , 20)
		p: Person(salary >= , 10000, salary < , 10000)
	then
		r: ValidationResult.setMessage("Both age and income are below requirements.");
		r: ValidationResult.setStatus("BOTH_TOO_LOW");
end


01:45:13.830 [main] WARN  o.d.c.k.builder.impl.KieBuilderImpl - File 'rules/ValidationRules.drl' is in folder 'rules' but declares package 'com.example.drools.rules'. It is advised to have a correspondance between package and folder names.
01:45:13.835 [main] ERROR o.d.c.kie.builder.impl.KieProject - Unable to build KieBaseModel:defaultKieBase
[8,19]: [ERR 101] Line 8:19 no viable alternative at input ',' in rule "_10"
[18,22]: [ERR 101] Line 18:22 no viable alternative at input ',' in rule "_11"
[28,19]: [ERR 101] Line 28:19 no viable alternative at input ',' in rule "_12"
[0,0]: Parser returned a null Package

01:45:13.836 [main] ERROR c.e.drools.service.DroolsService - Error initializing Drools
java.lang.RuntimeException: Build Errors:
Error Messages:
Message [id=1, kieBase=defaultKieBase, level=ERROR, path=rules/ValidationRules.drl, line=8, column=0
   text=[ERR 101] Line 8:19 no viable alternative at input ',' in rule "_10"]
Message [id=2, kieBase=defaultKieBase, level=ERROR, path=rules/ValidationRules.drl, line=18, column=0
   text=[ERR 101] Line 18:22 no viable alternative at input ',' in rule "_11"]
Message [id=3, kieBase=defaultKieBase, level=ERROR, path=rules/ValidationRules.drl, line=28, column=0
   text=[ERR 101] Line 28:19 no viable alternative at input ',' in rule "_12"]
Message [id=4, kieBase=defaultKieBase, level=ERROR, path=rules/ValidationRules.drl, line=0, column=0
   text=Parser returned a null Package]
---
Warning Messages:
---
Info Messages:

	at com.example.drools.service.DroolsService.initializeKieContainer(DroolsService.java:53)
	at com.example.drools.service.DroolsService.<init>(DroolsService.java:23)
	at com.example.drools.service.DroolsServiceTest.setUp(DroolsServiceTest.java:17)
	at java.base/jdk.internal.reflect.DirectMethodHandleAccessor.invoke(DirectMethodHandleAccessor.java:103)
	at java.base/java.lang.reflect.Method.invoke(Method.java:580)
	at org.junit.runners.model.FrameworkMethod$1.runReflectiveCall(FrameworkMethod.java:59)
	at org.junit.internal.runners.model.ReflectiveCallable.run(ReflectiveCallable.java:12)
	at org.junit.runners.model.FrameworkMethod.invokeExplosively(FrameworkMethod.java:56)
	at org.junit.internal.runners.statements.RunBefores.invokeMethod(RunBefores.java:33)
	at org.junit.internal.runners.statements.RunBefores.evaluate(RunBefores.java:24)
	at org.junit.internal.runners.statements.RunAfters.evaluate(RunAfters.java:27)
	at org.junit.runners.ParentRunner$3.evaluate(ParentRunner.java:306)
	at org.junit.runners.BlockJUnit4ClassRunner$1.evaluate(BlockJUnit4ClassRunner.java:100)
	at org.junit.runners.ParentRunner.runLeaf(ParentRunner.java:366)
	at org.junit.runners.BlockJUnit4ClassRunner.runChild(BlockJUnit4ClassRunner.java:103)
	at org.junit.runners.BlockJUnit4ClassRunner.runChild(BlockJUnit4ClassRunner.java:63)
	at org.junit.runners.ParentRunner$4.run(ParentRunner.java:331)
	at org.junit.runners.ParentRunner$1.schedule(ParentRunner.java:79)
	at org.junit.runners.ParentRunner.runChildren(ParentRunner.java:329)
	at org.junit.runners.ParentRunner.access$100(ParentRunner.java:66)
	at org.junit.runners.ParentRunner$2.evaluate(ParentRunner.java:293)
	at org.junit.runners.ParentRunner$3.evaluate(ParentRunner.java:306)
	at org.junit.runners.ParentRunner.run(ParentRunner.java:413)
	at org.apache.maven.surefire.junit4.JUnit4Provider.execute(JUnit4Provider.java:316)
	at org.apache.maven.surefire.junit4.JUnit4Provider.executeWithRerun(JUnit4Provider.java:240)
	at org.apache.maven.surefire.junit4.JUnit4Provider.executeTestSet(JUnit4Provider.java:214)
	at org.apache.maven.surefire.junit4.JUnit4Provider.invoke(JUnit4Provider.java:155)
	at org.apache.maven.surefire.booter.ForkedBooter.runSuitesInProcess(ForkedBooter.java:385)
	at org.apache.maven.surefire.booter.ForkedBooter.execute(ForkedBooter.java:162)
	at org.apache.maven.surefire.booter.ForkedBooter.run(ForkedBooter.java:507)
	at org.apache.maven.surefire.booter.ForkedBooter.main(ForkedBooter.java:495)
]]></system-out>
  </testcase>
  <testcase name="testBoundaryAge20" classname="com.example.drools.service.DroolsServiceTest" time="0.031">
    <error message="Failed to initialize Drools" type="java.lang.RuntimeException"><![CDATA[java.lang.RuntimeException: Failed to initialize Drools
	at com.example.drools.service.DroolsService.initializeKieContainer(DroolsService.java:61)
	at com.example.drools.service.DroolsService.<init>(DroolsService.java:23)
	at com.example.drools.service.DroolsServiceTest.setUp(DroolsServiceTest.java:17)
	at java.base/jdk.internal.reflect.DirectMethodHandleAccessor.invoke(DirectMethodHandleAccessor.java:103)
	at java.base/java.lang.reflect.Method.invoke(Method.java:580)
	at org.junit.runners.model.FrameworkMethod$1.runReflectiveCall(FrameworkMethod.java:59)
	at org.junit.internal.runners.model.ReflectiveCallable.run(ReflectiveCallable.java:12)
	at org.junit.runners.model.FrameworkMethod.invokeExplosively(FrameworkMethod.java:56)
	at org.junit.internal.runners.statements.RunBefores.invokeMethod(RunBefores.java:33)
	at org.junit.internal.runners.statements.RunBefores.evaluate(RunBefores.java:24)
	at org.junit.internal.runners.statements.RunAfters.evaluate(RunAfters.java:27)
	at org.junit.runners.ParentRunner$3.evaluate(ParentRunner.java:306)
	at org.junit.runners.BlockJUnit4ClassRunner$1.evaluate(BlockJUnit4ClassRunner.java:100)
	at org.junit.runners.ParentRunner.runLeaf(ParentRunner.java:366)
	at org.junit.runners.BlockJUnit4ClassRunner.runChild(BlockJUnit4ClassRunner.java:103)
	at org.junit.runners.BlockJUnit4ClassRunner.runChild(BlockJUnit4ClassRunner.java:63)
	at org.junit.runners.ParentRunner$4.run(ParentRunner.java:331)
	at org.junit.runners.ParentRunner$1.schedule(ParentRunner.java:79)
	at org.junit.runners.ParentRunner.runChildren(ParentRunner.java:329)
	at org.junit.runners.ParentRunner.access$100(ParentRunner.java:66)
	at org.junit.runners.ParentRunner$2.evaluate(ParentRunner.java:293)
	at org.junit.runners.ParentRunner$3.evaluate(ParentRunner.java:306)
	at org.junit.runners.ParentRunner.run(ParentRunner.java:413)
	at org.apache.maven.surefire.junit4.JUnit4Provider.execute(JUnit4Provider.java:316)
	at org.apache.maven.surefire.junit4.JUnit4Provider.executeWithRerun(JUnit4Provider.java:240)
	at org.apache.maven.surefire.junit4.JUnit4Provider.executeTestSet(JUnit4Provider.java:214)
	at org.apache.maven.surefire.junit4.JUnit4Provider.invoke(JUnit4Provider.java:155)
	at org.apache.maven.surefire.booter.ForkedBooter.runSuitesInProcess(ForkedBooter.java:385)
	at org.apache.maven.surefire.booter.ForkedBooter.execute(ForkedBooter.java:162)
	at org.apache.maven.surefire.booter.ForkedBooter.run(ForkedBooter.java:507)
	at org.apache.maven.surefire.booter.ForkedBooter.main(ForkedBooter.java:495)
Caused by: java.lang.RuntimeException: Build Errors:
Error Messages:
Message [id=1, kieBase=defaultKieBase, level=ERROR, path=rules/ValidationRules.drl, line=8, column=0
   text=[ERR 101] Line 8:19 no viable alternative at input ',' in rule "_10"]
Message [id=2, kieBase=defaultKieBase, level=ERROR, path=rules/ValidationRules.drl, line=18, column=0
   text=[ERR 101] Line 18:22 no viable alternative at input ',' in rule "_11"]
Message [id=3, kieBase=defaultKieBase, level=ERROR, path=rules/ValidationRules.drl, line=28, column=0
   text=[ERR 101] Line 28:19 no viable alternative at input ',' in rule "_12"]
Message [id=4, kieBase=defaultKieBase, level=ERROR, path=rules/ValidationRules.drl, line=0, column=0
   text=Parser returned a null Package]
---
Warning Messages:
---
Info Messages:

	at com.example.drools.service.DroolsService.initializeKieContainer(DroolsService.java:53)
	... 30 more
]]></error>
    <system-out><![CDATA[01:45:13.858 [main] INFO  c.e.drools.service.DroolsService - Generated DRL from Excel:
01:45:13.858 [main] INFO  c.e.drools.service.DroolsService - package com.example.drools.rules;
//generated from Decision Table
import com.example.drools.model.Person;
import com.example.drools.model.ValidationResult;
// rule values at A10, header at A5
rule "_10"
	when
		p: Person(age >= , 20, age < , 20)
		p: Person(salary >= 10000,, salary < 10000,)
	then
		r: ValidationResult.setMessage("Age is less than 20. Minimum age requirement not met.");
		r: ValidationResult.setStatus("AGE_TOO_LOW");
end

// rule values at A11, header at A5
rule "_11"
	when
		p: Person(age >= 20,, age < 20,)
		p: Person(salary >= , 10000, salary < , 10000)
	then
		r: ValidationResult.setMessage("Income is less than 10000. Minimum salary requirement not met.");
		r: ValidationResult.setStatus("SALARY_TOO_LOW");
end

// rule values at A12, header at A5
rule "_12"
	when
		p: Person(age >= , 20, age < , 20)
		p: Person(salary >= , 10000, salary < , 10000)
	then
		r: ValidationResult.setMessage("Both age and income are below requirements.");
		r: ValidationResult.setStatus("BOTH_TOO_LOW");
end


01:45:13.860 [main] WARN  o.d.c.k.builder.impl.KieBuilderImpl - File 'rules/ValidationRules.drl' is in folder 'rules' but declares package 'com.example.drools.rules'. It is advised to have a correspondance between package and folder names.
01:45:13.864 [main] ERROR o.d.c.kie.builder.impl.KieProject - Unable to build KieBaseModel:defaultKieBase
[8,19]: [ERR 101] Line 8:19 no viable alternative at input ',' in rule "_10"
[18,22]: [ERR 101] Line 18:22 no viable alternative at input ',' in rule "_11"
[28,19]: [ERR 101] Line 28:19 no viable alternative at input ',' in rule "_12"
[0,0]: Parser returned a null Package

01:45:13.865 [main] ERROR c.e.drools.service.DroolsService - Error initializing Drools
java.lang.RuntimeException: Build Errors:
Error Messages:
Message [id=1, kieBase=defaultKieBase, level=ERROR, path=rules/ValidationRules.drl, line=8, column=0
   text=[ERR 101] Line 8:19 no viable alternative at input ',' in rule "_10"]
Message [id=2, kieBase=defaultKieBase, level=ERROR, path=rules/ValidationRules.drl, line=18, column=0
   text=[ERR 101] Line 18:22 no viable alternative at input ',' in rule "_11"]
Message [id=3, kieBase=defaultKieBase, level=ERROR, path=rules/ValidationRules.drl, line=28, column=0
   text=[ERR 101] Line 28:19 no viable alternative at input ',' in rule "_12"]
Message [id=4, kieBase=defaultKieBase, level=ERROR, path=rules/ValidationRules.drl, line=0, column=0
   text=Parser returned a null Package]
---
Warning Messages:
---
Info Messages:

	at com.example.drools.service.DroolsService.initializeKieContainer(DroolsService.java:53)
	at com.example.drools.service.DroolsService.<init>(DroolsService.java:23)
	at com.example.drools.service.DroolsServiceTest.setUp(DroolsServiceTest.java:17)
	at java.base/jdk.internal.reflect.DirectMethodHandleAccessor.invoke(DirectMethodHandleAccessor.java:103)
	at java.base/java.lang.reflect.Method.invoke(Method.java:580)
	at org.junit.runners.model.FrameworkMethod$1.runReflectiveCall(FrameworkMethod.java:59)
	at org.junit.internal.runners.model.ReflectiveCallable.run(ReflectiveCallable.java:12)
	at org.junit.runners.model.FrameworkMethod.invokeExplosively(FrameworkMethod.java:56)
	at org.junit.internal.runners.statements.RunBefores.invokeMethod(RunBefores.java:33)
	at org.junit.internal.runners.statements.RunBefores.evaluate(RunBefores.java:24)
	at org.junit.internal.runners.statements.RunAfters.evaluate(RunAfters.java:27)
	at org.junit.runners.ParentRunner$3.evaluate(ParentRunner.java:306)
	at org.junit.runners.BlockJUnit4ClassRunner$1.evaluate(BlockJUnit4ClassRunner.java:100)
	at org.junit.runners.ParentRunner.runLeaf(ParentRunner.java:366)
	at org.junit.runners.BlockJUnit4ClassRunner.runChild(BlockJUnit4ClassRunner.java:103)
	at org.junit.runners.BlockJUnit4ClassRunner.runChild(BlockJUnit4ClassRunner.java:63)
	at org.junit.runners.ParentRunner$4.run(ParentRunner.java:331)
	at org.junit.runners.ParentRunner$1.schedule(ParentRunner.java:79)
	at org.junit.runners.ParentRunner.runChildren(ParentRunner.java:329)
	at org.junit.runners.ParentRunner.access$100(ParentRunner.java:66)
	at org.junit.runners.ParentRunner$2.evaluate(ParentRunner.java:293)
	at org.junit.runners.ParentRunner$3.evaluate(ParentRunner.java:306)
	at org.junit.runners.ParentRunner.run(ParentRunner.java:413)
	at org.apache.maven.surefire.junit4.JUnit4Provider.execute(JUnit4Provider.java:316)
	at org.apache.maven.surefire.junit4.JUnit4Provider.executeWithRerun(JUnit4Provider.java:240)
	at org.apache.maven.surefire.junit4.JUnit4Provider.executeTestSet(JUnit4Provider.java:214)
	at org.apache.maven.surefire.junit4.JUnit4Provider.invoke(JUnit4Provider.java:155)
	at org.apache.maven.surefire.booter.ForkedBooter.runSuitesInProcess(ForkedBooter.java:385)
	at org.apache.maven.surefire.booter.ForkedBooter.execute(ForkedBooter.java:162)
	at org.apache.maven.surefire.booter.ForkedBooter.run(ForkedBooter.java:507)
	at org.apache.maven.surefire.booter.ForkedBooter.main(ForkedBooter.java:495)
]]></system-out>
  </testcase>
  <testcase name="testBothTooLow" classname="com.example.drools.service.DroolsServiceTest" time="0.026">
    <error message="Failed to initialize Drools" type="java.lang.RuntimeException"><![CDATA[java.lang.RuntimeException: Failed to initialize Drools
	at com.example.drools.service.DroolsService.initializeKieContainer(DroolsService.java:61)
	at com.example.drools.service.DroolsService.<init>(DroolsService.java:23)
	at com.example.drools.service.DroolsServiceTest.setUp(DroolsServiceTest.java:17)
	at java.base/jdk.internal.reflect.DirectMethodHandleAccessor.invoke(DirectMethodHandleAccessor.java:103)
	at java.base/java.lang.reflect.Method.invoke(Method.java:580)
	at org.junit.runners.model.FrameworkMethod$1.runReflectiveCall(FrameworkMethod.java:59)
	at org.junit.internal.runners.model.ReflectiveCallable.run(ReflectiveCallable.java:12)
	at org.junit.runners.model.FrameworkMethod.invokeExplosively(FrameworkMethod.java:56)
	at org.junit.internal.runners.statements.RunBefores.invokeMethod(RunBefores.java:33)
	at org.junit.internal.runners.statements.RunBefores.evaluate(RunBefores.java:24)
	at org.junit.internal.runners.statements.RunAfters.evaluate(RunAfters.java:27)
	at org.junit.runners.ParentRunner$3.evaluate(ParentRunner.java:306)
	at org.junit.runners.BlockJUnit4ClassRunner$1.evaluate(BlockJUnit4ClassRunner.java:100)
	at org.junit.runners.ParentRunner.runLeaf(ParentRunner.java:366)
	at org.junit.runners.BlockJUnit4ClassRunner.runChild(BlockJUnit4ClassRunner.java:103)
	at org.junit.runners.BlockJUnit4ClassRunner.runChild(BlockJUnit4ClassRunner.java:63)
	at org.junit.runners.ParentRunner$4.run(ParentRunner.java:331)
	at org.junit.runners.ParentRunner$1.schedule(ParentRunner.java:79)
	at org.junit.runners.ParentRunner.runChildren(ParentRunner.java:329)
	at org.junit.runners.ParentRunner.access$100(ParentRunner.java:66)
	at org.junit.runners.ParentRunner$2.evaluate(ParentRunner.java:293)
	at org.junit.runners.ParentRunner$3.evaluate(ParentRunner.java:306)
	at org.junit.runners.ParentRunner.run(ParentRunner.java:413)
	at org.apache.maven.surefire.junit4.JUnit4Provider.execute(JUnit4Provider.java:316)
	at org.apache.maven.surefire.junit4.JUnit4Provider.executeWithRerun(JUnit4Provider.java:240)
	at org.apache.maven.surefire.junit4.JUnit4Provider.executeTestSet(JUnit4Provider.java:214)
	at org.apache.maven.surefire.junit4.JUnit4Provider.invoke(JUnit4Provider.java:155)
	at org.apache.maven.surefire.booter.ForkedBooter.runSuitesInProcess(ForkedBooter.java:385)
	at org.apache.maven.surefire.booter.ForkedBooter.execute(ForkedBooter.java:162)
	at org.apache.maven.surefire.booter.ForkedBooter.run(ForkedBooter.java:507)
	at org.apache.maven.surefire.booter.ForkedBooter.main(ForkedBooter.java:495)
Caused by: java.lang.RuntimeException: Build Errors:
Error Messages:
Message [id=1, kieBase=defaultKieBase, level=ERROR, path=rules/ValidationRules.drl, line=8, column=0
   text=[ERR 101] Line 8:19 no viable alternative at input ',' in rule "_10"]
Message [id=2, kieBase=defaultKieBase, level=ERROR, path=rules/ValidationRules.drl, line=18, column=0
   text=[ERR 101] Line 18:22 no viable alternative at input ',' in rule "_11"]
Message [id=3, kieBase=defaultKieBase, level=ERROR, path=rules/ValidationRules.drl, line=28, column=0
   text=[ERR 101] Line 28:19 no viable alternative at input ',' in rule "_12"]
Message [id=4, kieBase=defaultKieBase, level=ERROR, path=rules/ValidationRules.drl, line=0, column=0
   text=Parser returned a null Package]
---
Warning Messages:
---
Info Messages:

	at com.example.drools.service.DroolsService.initializeKieContainer(DroolsService.java:53)
	... 30 more
]]></error>
    <system-out><![CDATA[01:45:13.888 [main] INFO  c.e.drools.service.DroolsService - Generated DRL from Excel:
01:45:13.888 [main] INFO  c.e.drools.service.DroolsService - package com.example.drools.rules;
//generated from Decision Table
import com.example.drools.model.Person;
import com.example.drools.model.ValidationResult;
// rule values at A10, header at A5
rule "_10"
	when
		p: Person(age >= , 20, age < , 20)
		p: Person(salary >= 10000,, salary < 10000,)
	then
		r: ValidationResult.setMessage("Age is less than 20. Minimum age requirement not met.");
		r: ValidationResult.setStatus("AGE_TOO_LOW");
end

// rule values at A11, header at A5
rule "_11"
	when
		p: Person(age >= 20,, age < 20,)
		p: Person(salary >= , 10000, salary < , 10000)
	then
		r: ValidationResult.setMessage("Income is less than 10000. Minimum salary requirement not met.");
		r: ValidationResult.setStatus("SALARY_TOO_LOW");
end

// rule values at A12, header at A5
rule "_12"
	when
		p: Person(age >= , 20, age < , 20)
		p: Person(salary >= , 10000, salary < , 10000)
	then
		r: ValidationResult.setMessage("Both age and income are below requirements.");
		r: ValidationResult.setStatus("BOTH_TOO_LOW");
end


01:45:13.890 [main] WARN  o.d.c.k.builder.impl.KieBuilderImpl - File 'rules/ValidationRules.drl' is in folder 'rules' but declares package 'com.example.drools.rules'. It is advised to have a correspondance between package and folder names.
01:45:13.894 [main] ERROR o.d.c.kie.builder.impl.KieProject - Unable to build KieBaseModel:defaultKieBase
[8,19]: [ERR 101] Line 8:19 no viable alternative at input ',' in rule "_10"
[18,22]: [ERR 101] Line 18:22 no viable alternative at input ',' in rule "_11"
[28,19]: [ERR 101] Line 28:19 no viable alternative at input ',' in rule "_12"
[0,0]: Parser returned a null Package

01:45:13.894 [main] ERROR c.e.drools.service.DroolsService - Error initializing Drools
java.lang.RuntimeException: Build Errors:
Error Messages:
Message [id=1, kieBase=defaultKieBase, level=ERROR, path=rules/ValidationRules.drl, line=8, column=0
   text=[ERR 101] Line 8:19 no viable alternative at input ',' in rule "_10"]
Message [id=2, kieBase=defaultKieBase, level=ERROR, path=rules/ValidationRules.drl, line=18, column=0
   text=[ERR 101] Line 18:22 no viable alternative at input ',' in rule "_11"]
Message [id=3, kieBase=defaultKieBase, level=ERROR, path=rules/ValidationRules.drl, line=28, column=0
   text=[ERR 101] Line 28:19 no viable alternative at input ',' in rule "_12"]
Message [id=4, kieBase=defaultKieBase, level=ERROR, path=rules/ValidationRules.drl, line=0, column=0
   text=Parser returned a null Package]
---
Warning Messages:
---
Info Messages:

	at com.example.drools.service.DroolsService.initializeKieContainer(DroolsService.java:53)
	at com.example.drools.service.DroolsService.<init>(DroolsService.java:23)
	at com.example.drools.service.DroolsServiceTest.setUp(DroolsServiceTest.java:17)
	at java.base/jdk.internal.reflect.DirectMethodHandleAccessor.invoke(DirectMethodHandleAccessor.java:103)
	at java.base/java.lang.reflect.Method.invoke(Method.java:580)
	at org.junit.runners.model.FrameworkMethod$1.runReflectiveCall(FrameworkMethod.java:59)
	at org.junit.internal.runners.model.ReflectiveCallable.run(ReflectiveCallable.java:12)
	at org.junit.runners.model.FrameworkMethod.invokeExplosively(FrameworkMethod.java:56)
	at org.junit.internal.runners.statements.RunBefores.invokeMethod(RunBefores.java:33)
	at org.junit.internal.runners.statements.RunBefores.evaluate(RunBefores.java:24)
	at org.junit.internal.runners.statements.RunAfters.evaluate(RunAfters.java:27)
	at org.junit.runners.ParentRunner$3.evaluate(ParentRunner.java:306)
	at org.junit.runners.BlockJUnit4ClassRunner$1.evaluate(BlockJUnit4ClassRunner.java:100)
	at org.junit.runners.ParentRunner.runLeaf(ParentRunner.java:366)
	at org.junit.runners.BlockJUnit4ClassRunner.runChild(BlockJUnit4ClassRunner.java:103)
	at org.junit.runners.BlockJUnit4ClassRunner.runChild(BlockJUnit4ClassRunner.java:63)
	at org.junit.runners.ParentRunner$4.run(ParentRunner.java:331)
	at org.junit.runners.ParentRunner$1.schedule(ParentRunner.java:79)
	at org.junit.runners.ParentRunner.runChildren(ParentRunner.java:329)
	at org.junit.runners.ParentRunner.access$100(ParentRunner.java:66)
	at org.junit.runners.ParentRunner$2.evaluate(ParentRunner.java:293)
	at org.junit.runners.ParentRunner$3.evaluate(ParentRunner.java:306)
	at org.junit.runners.ParentRunner.run(ParentRunner.java:413)
	at org.apache.maven.surefire.junit4.JUnit4Provider.execute(JUnit4Provider.java:316)
	at org.apache.maven.surefire.junit4.JUnit4Provider.executeWithRerun(JUnit4Provider.java:240)
	at org.apache.maven.surefire.junit4.JUnit4Provider.executeTestSet(JUnit4Provider.java:214)
	at org.apache.maven.surefire.junit4.JUnit4Provider.invoke(JUnit4Provider.java:155)
	at org.apache.maven.surefire.booter.ForkedBooter.runSuitesInProcess(ForkedBooter.java:385)
	at org.apache.maven.surefire.booter.ForkedBooter.execute(ForkedBooter.java:162)
	at org.apache.maven.surefire.booter.ForkedBooter.run(ForkedBooter.java:507)
	at org.apache.maven.surefire.booter.ForkedBooter.main(ForkedBooter.java:495)
]]></system-out>
  </testcase>
  <testcase name="testBoundarySalary9999" classname="com.example.drools.service.DroolsServiceTest" time="0.023">
    <error message="Failed to initialize Drools" type="java.lang.RuntimeException"><![CDATA[java.lang.RuntimeException: Failed to initialize Drools
	at com.example.drools.service.DroolsService.initializeKieContainer(DroolsService.java:61)
	at com.example.drools.service.DroolsService.<init>(DroolsService.java:23)
	at com.example.drools.service.DroolsServiceTest.setUp(DroolsServiceTest.java:17)
	at java.base/jdk.internal.reflect.DirectMethodHandleAccessor.invoke(DirectMethodHandleAccessor.java:103)
	at java.base/java.lang.reflect.Method.invoke(Method.java:580)
	at org.junit.runners.model.FrameworkMethod$1.runReflectiveCall(FrameworkMethod.java:59)
	at org.junit.internal.runners.model.ReflectiveCallable.run(ReflectiveCallable.java:12)
	at org.junit.runners.model.FrameworkMethod.invokeExplosively(FrameworkMethod.java:56)
	at org.junit.internal.runners.statements.RunBefores.invokeMethod(RunBefores.java:33)
	at org.junit.internal.runners.statements.RunBefores.evaluate(RunBefores.java:24)
	at org.junit.internal.runners.statements.RunAfters.evaluate(RunAfters.java:27)
	at org.junit.runners.ParentRunner$3.evaluate(ParentRunner.java:306)
	at org.junit.runners.BlockJUnit4ClassRunner$1.evaluate(BlockJUnit4ClassRunner.java:100)
	at org.junit.runners.ParentRunner.runLeaf(ParentRunner.java:366)
	at org.junit.runners.BlockJUnit4ClassRunner.runChild(BlockJUnit4ClassRunner.java:103)
	at org.junit.runners.BlockJUnit4ClassRunner.runChild(BlockJUnit4ClassRunner.java:63)
	at org.junit.runners.ParentRunner$4.run(ParentRunner.java:331)
	at org.junit.runners.ParentRunner$1.schedule(ParentRunner.java:79)
	at org.junit.runners.ParentRunner.runChildren(ParentRunner.java:329)
	at org.junit.runners.ParentRunner.access$100(ParentRunner.java:66)
	at org.junit.runners.ParentRunner$2.evaluate(ParentRunner.java:293)
	at org.junit.runners.ParentRunner$3.evaluate(ParentRunner.java:306)
	at org.junit.runners.ParentRunner.run(ParentRunner.java:413)
	at org.apache.maven.surefire.junit4.JUnit4Provider.execute(JUnit4Provider.java:316)
	at org.apache.maven.surefire.junit4.JUnit4Provider.executeWithRerun(JUnit4Provider.java:240)
	at org.apache.maven.surefire.junit4.JUnit4Provider.executeTestSet(JUnit4Provider.java:214)
	at org.apache.maven.surefire.junit4.JUnit4Provider.invoke(JUnit4Provider.java:155)
	at org.apache.maven.surefire.booter.ForkedBooter.runSuitesInProcess(ForkedBooter.java:385)
	at org.apache.maven.surefire.booter.ForkedBooter.execute(ForkedBooter.java:162)
	at org.apache.maven.surefire.booter.ForkedBooter.run(ForkedBooter.java:507)
	at org.apache.maven.surefire.booter.ForkedBooter.main(ForkedBooter.java:495)
Caused by: java.lang.RuntimeException: Build Errors:
Error Messages:
Message [id=1, kieBase=defaultKieBase, level=ERROR, path=rules/ValidationRules.drl, line=8, column=0
   text=[ERR 101] Line 8:19 no viable alternative at input ',' in rule "_10"]
Message [id=2, kieBase=defaultKieBase, level=ERROR, path=rules/ValidationRules.drl, line=18, column=0
   text=[ERR 101] Line 18:22 no viable alternative at input ',' in rule "_11"]
Message [id=3, kieBase=defaultKieBase, level=ERROR, path=rules/ValidationRules.drl, line=28, column=0
   text=[ERR 101] Line 28:19 no viable alternative at input ',' in rule "_12"]
Message [id=4, kieBase=defaultKieBase, level=ERROR, path=rules/ValidationRules.drl, line=0, column=0
   text=Parser returned a null Package]
---
Warning Messages:
---
Info Messages:

	at com.example.drools.service.DroolsService.initializeKieContainer(DroolsService.java:53)
	... 30 more
]]></error>
    <system-out><![CDATA[01:45:13.911 [main] INFO  c.e.drools.service.DroolsService - Generated DRL from Excel:
01:45:13.912 [main] INFO  c.e.drools.service.DroolsService - package com.example.drools.rules;
//generated from Decision Table
import com.example.drools.model.Person;
import com.example.drools.model.ValidationResult;
// rule values at A10, header at A5
rule "_10"
	when
		p: Person(age >= , 20, age < , 20)
		p: Person(salary >= 10000,, salary < 10000,)
	then
		r: ValidationResult.setMessage("Age is less than 20. Minimum age requirement not met.");
		r: ValidationResult.setStatus("AGE_TOO_LOW");
end

// rule values at A11, header at A5
rule "_11"
	when
		p: Person(age >= 20,, age < 20,)
		p: Person(salary >= , 10000, salary < , 10000)
	then
		r: ValidationResult.setMessage("Income is less than 10000. Minimum salary requirement not met.");
		r: ValidationResult.setStatus("SALARY_TOO_LOW");
end

// rule values at A12, header at A5
rule "_12"
	when
		p: Person(age >= , 20, age < , 20)
		p: Person(salary >= , 10000, salary < , 10000)
	then
		r: ValidationResult.setMessage("Both age and income are below requirements.");
		r: ValidationResult.setStatus("BOTH_TOO_LOW");
end


01:45:13.913 [main] WARN  o.d.c.k.builder.impl.KieBuilderImpl - File 'rules/ValidationRules.drl' is in folder 'rules' but declares package 'com.example.drools.rules'. It is advised to have a correspondance between package and folder names.
01:45:13.917 [main] ERROR o.d.c.kie.builder.impl.KieProject - Unable to build KieBaseModel:defaultKieBase
[8,19]: [ERR 101] Line 8:19 no viable alternative at input ',' in rule "_10"
[18,22]: [ERR 101] Line 18:22 no viable alternative at input ',' in rule "_11"
[28,19]: [ERR 101] Line 28:19 no viable alternative at input ',' in rule "_12"
[0,0]: Parser returned a null Package

01:45:13.917 [main] ERROR c.e.drools.service.DroolsService - Error initializing Drools
java.lang.RuntimeException: Build Errors:
Error Messages:
Message [id=1, kieBase=defaultKieBase, level=ERROR, path=rules/ValidationRules.drl, line=8, column=0
   text=[ERR 101] Line 8:19 no viable alternative at input ',' in rule "_10"]
Message [id=2, kieBase=defaultKieBase, level=ERROR, path=rules/ValidationRules.drl, line=18, column=0
   text=[ERR 101] Line 18:22 no viable alternative at input ',' in rule "_11"]
Message [id=3, kieBase=defaultKieBase, level=ERROR, path=rules/ValidationRules.drl, line=28, column=0
   text=[ERR 101] Line 28:19 no viable alternative at input ',' in rule "_12"]
Message [id=4, kieBase=defaultKieBase, level=ERROR, path=rules/ValidationRules.drl, line=0, column=0
   text=Parser returned a null Package]
---
Warning Messages:
---
Info Messages:

	at com.example.drools.service.DroolsService.initializeKieContainer(DroolsService.java:53)
	at com.example.drools.service.DroolsService.<init>(DroolsService.java:23)
	at com.example.drools.service.DroolsServiceTest.setUp(DroolsServiceTest.java:17)
	at java.base/jdk.internal.reflect.DirectMethodHandleAccessor.invoke(DirectMethodHandleAccessor.java:103)
	at java.base/java.lang.reflect.Method.invoke(Method.java:580)
	at org.junit.runners.model.FrameworkMethod$1.runReflectiveCall(FrameworkMethod.java:59)
	at org.junit.internal.runners.model.ReflectiveCallable.run(ReflectiveCallable.java:12)
	at org.junit.runners.model.FrameworkMethod.invokeExplosively(FrameworkMethod.java:56)
	at org.junit.internal.runners.statements.RunBefores.invokeMethod(RunBefores.java:33)
	at org.junit.internal.runners.statements.RunBefores.evaluate(RunBefores.java:24)
	at org.junit.internal.runners.statements.RunAfters.evaluate(RunAfters.java:27)
	at org.junit.runners.ParentRunner$3.evaluate(ParentRunner.java:306)
	at org.junit.runners.BlockJUnit4ClassRunner$1.evaluate(BlockJUnit4ClassRunner.java:100)
	at org.junit.runners.ParentRunner.runLeaf(ParentRunner.java:366)
	at org.junit.runners.BlockJUnit4ClassRunner.runChild(BlockJUnit4ClassRunner.java:103)
	at org.junit.runners.BlockJUnit4ClassRunner.runChild(BlockJUnit4ClassRunner.java:63)
	at org.junit.runners.ParentRunner$4.run(ParentRunner.java:331)
	at org.junit.runners.ParentRunner$1.schedule(ParentRunner.java:79)
	at org.junit.runners.ParentRunner.runChildren(ParentRunner.java:329)
	at org.junit.runners.ParentRunner.access$100(ParentRunner.java:66)
	at org.junit.runners.ParentRunner$2.evaluate(ParentRunner.java:293)
	at org.junit.runners.ParentRunner$3.evaluate(ParentRunner.java:306)
	at org.junit.runners.ParentRunner.run(ParentRunner.java:413)
	at org.apache.maven.surefire.junit4.JUnit4Provider.execute(JUnit4Provider.java:316)
	at org.apache.maven.surefire.junit4.JUnit4Provider.executeWithRerun(JUnit4Provider.java:240)
	at org.apache.maven.surefire.junit4.JUnit4Provider.executeTestSet(JUnit4Provider.java:214)
	at org.apache.maven.surefire.junit4.JUnit4Provider.invoke(JUnit4Provider.java:155)
	at org.apache.maven.surefire.booter.ForkedBooter.runSuitesInProcess(ForkedBooter.java:385)
	at org.apache.maven.surefire.booter.ForkedBooter.execute(ForkedBooter.java:162)
	at org.apache.maven.surefire.booter.ForkedBooter.run(ForkedBooter.java:507)
	at org.apache.maven.surefire.booter.ForkedBooter.main(ForkedBooter.java:495)
]]></system-out>
  </testcase>
  <testcase name="testBoundarySalary10000" classname="com.example.drools.service.DroolsServiceTest" time="0.019">
    <error message="Failed to initialize Drools" type="java.lang.RuntimeException"><![CDATA[java.lang.RuntimeException: Failed to initialize Drools
	at com.example.drools.service.DroolsService.initializeKieContainer(DroolsService.java:61)
	at com.example.drools.service.DroolsService.<init>(DroolsService.java:23)
	at com.example.drools.service.DroolsServiceTest.setUp(DroolsServiceTest.java:17)
	at java.base/jdk.internal.reflect.DirectMethodHandleAccessor.invoke(DirectMethodHandleAccessor.java:103)
	at java.base/java.lang.reflect.Method.invoke(Method.java:580)
	at org.junit.runners.model.FrameworkMethod$1.runReflectiveCall(FrameworkMethod.java:59)
	at org.junit.internal.runners.model.ReflectiveCallable.run(ReflectiveCallable.java:12)
	at org.junit.runners.model.FrameworkMethod.invokeExplosively(FrameworkMethod.java:56)
	at org.junit.internal.runners.statements.RunBefores.invokeMethod(RunBefores.java:33)
	at org.junit.internal.runners.statements.RunBefores.evaluate(RunBefores.java:24)
	at org.junit.internal.runners.statements.RunAfters.evaluate(RunAfters.java:27)
	at org.junit.runners.ParentRunner$3.evaluate(ParentRunner.java:306)
	at org.junit.runners.BlockJUnit4ClassRunner$1.evaluate(BlockJUnit4ClassRunner.java:100)
	at org.junit.runners.ParentRunner.runLeaf(ParentRunner.java:366)
	at org.junit.runners.BlockJUnit4ClassRunner.runChild(BlockJUnit4ClassRunner.java:103)
	at org.junit.runners.BlockJUnit4ClassRunner.runChild(BlockJUnit4ClassRunner.java:63)
	at org.junit.runners.ParentRunner$4.run(ParentRunner.java:331)
	at org.junit.runners.ParentRunner$1.schedule(ParentRunner.java:79)
	at org.junit.runners.ParentRunner.runChildren(ParentRunner.java:329)
	at org.junit.runners.ParentRunner.access$100(ParentRunner.java:66)
	at org.junit.runners.ParentRunner$2.evaluate(ParentRunner.java:293)
	at org.junit.runners.ParentRunner$3.evaluate(ParentRunner.java:306)
	at org.junit.runners.ParentRunner.run(ParentRunner.java:413)
	at org.apache.maven.surefire.junit4.JUnit4Provider.execute(JUnit4Provider.java:316)
	at org.apache.maven.surefire.junit4.JUnit4Provider.executeWithRerun(JUnit4Provider.java:240)
	at org.apache.maven.surefire.junit4.JUnit4Provider.executeTestSet(JUnit4Provider.java:214)
	at org.apache.maven.surefire.junit4.JUnit4Provider.invoke(JUnit4Provider.java:155)
	at org.apache.maven.surefire.booter.ForkedBooter.runSuitesInProcess(ForkedBooter.java:385)
	at org.apache.maven.surefire.booter.ForkedBooter.execute(ForkedBooter.java:162)
	at org.apache.maven.surefire.booter.ForkedBooter.run(ForkedBooter.java:507)
	at org.apache.maven.surefire.booter.ForkedBooter.main(ForkedBooter.java:495)
Caused by: java.lang.RuntimeException: Build Errors:
Error Messages:
Message [id=1, kieBase=defaultKieBase, level=ERROR, path=rules/ValidationRules.drl, line=8, column=0
   text=[ERR 101] Line 8:19 no viable alternative at input ',' in rule "_10"]
Message [id=2, kieBase=defaultKieBase, level=ERROR, path=rules/ValidationRules.drl, line=18, column=0
   text=[ERR 101] Line 18:22 no viable alternative at input ',' in rule "_11"]
Message [id=3, kieBase=defaultKieBase, level=ERROR, path=rules/ValidationRules.drl, line=28, column=0
   text=[ERR 101] Line 28:19 no viable alternative at input ',' in rule "_12"]
Message [id=4, kieBase=defaultKieBase, level=ERROR, path=rules/ValidationRules.drl, line=0, column=0
   text=Parser returned a null Package]
---
Warning Messages:
---
Info Messages:

	at com.example.drools.service.DroolsService.initializeKieContainer(DroolsService.java:53)
	... 30 more
]]></error>
    <system-out><![CDATA[01:45:13.932 [main] INFO  c.e.drools.service.DroolsService - Generated DRL from Excel:
01:45:13.932 [main] INFO  c.e.drools.service.DroolsService - package com.example.drools.rules;
//generated from Decision Table
import com.example.drools.model.Person;
import com.example.drools.model.ValidationResult;
// rule values at A10, header at A5
rule "_10"
	when
		p: Person(age >= , 20, age < , 20)
		p: Person(salary >= 10000,, salary < 10000,)
	then
		r: ValidationResult.setMessage("Age is less than 20. Minimum age requirement not met.");
		r: ValidationResult.setStatus("AGE_TOO_LOW");
end

// rule values at A11, header at A5
rule "_11"
	when
		p: Person(age >= 20,, age < 20,)
		p: Person(salary >= , 10000, salary < , 10000)
	then
		r: ValidationResult.setMessage("Income is less than 10000. Minimum salary requirement not met.");
		r: ValidationResult.setStatus("SALARY_TOO_LOW");
end

// rule values at A12, header at A5
rule "_12"
	when
		p: Person(age >= , 20, age < , 20)
		p: Person(salary >= , 10000, salary < , 10000)
	then
		r: ValidationResult.setMessage("Both age and income are below requirements.");
		r: ValidationResult.setStatus("BOTH_TOO_LOW");
end


01:45:13.933 [main] WARN  o.d.c.k.builder.impl.KieBuilderImpl - File 'rules/ValidationRules.drl' is in folder 'rules' but declares package 'com.example.drools.rules'. It is advised to have a correspondance between package and folder names.
01:45:13.937 [main] ERROR o.d.c.kie.builder.impl.KieProject - Unable to build KieBaseModel:defaultKieBase
[8,19]: [ERR 101] Line 8:19 no viable alternative at input ',' in rule "_10"
[18,22]: [ERR 101] Line 18:22 no viable alternative at input ',' in rule "_11"
[28,19]: [ERR 101] Line 28:19 no viable alternative at input ',' in rule "_12"
[0,0]: Parser returned a null Package

01:45:13.937 [main] ERROR c.e.drools.service.DroolsService - Error initializing Drools
java.lang.RuntimeException: Build Errors:
Error Messages:
Message [id=1, kieBase=defaultKieBase, level=ERROR, path=rules/ValidationRules.drl, line=8, column=0
   text=[ERR 101] Line 8:19 no viable alternative at input ',' in rule "_10"]
Message [id=2, kieBase=defaultKieBase, level=ERROR, path=rules/ValidationRules.drl, line=18, column=0
   text=[ERR 101] Line 18:22 no viable alternative at input ',' in rule "_11"]
Message [id=3, kieBase=defaultKieBase, level=ERROR, path=rules/ValidationRules.drl, line=28, column=0
   text=[ERR 101] Line 28:19 no viable alternative at input ',' in rule "_12"]
Message [id=4, kieBase=defaultKieBase, level=ERROR, path=rules/ValidationRules.drl, line=0, column=0
   text=Parser returned a null Package]
---
Warning Messages:
---
Info Messages:

	at com.example.drools.service.DroolsService.initializeKieContainer(DroolsService.java:53)
	at com.example.drools.service.DroolsService.<init>(DroolsService.java:23)
	at com.example.drools.service.DroolsServiceTest.setUp(DroolsServiceTest.java:17)
	at java.base/jdk.internal.reflect.DirectMethodHandleAccessor.invoke(DirectMethodHandleAccessor.java:103)
	at java.base/java.lang.reflect.Method.invoke(Method.java:580)
	at org.junit.runners.model.FrameworkMethod$1.runReflectiveCall(FrameworkMethod.java:59)
	at org.junit.internal.runners.model.ReflectiveCallable.run(ReflectiveCallable.java:12)
	at org.junit.runners.model.FrameworkMethod.invokeExplosively(FrameworkMethod.java:56)
	at org.junit.internal.runners.statements.RunBefores.invokeMethod(RunBefores.java:33)
	at org.junit.internal.runners.statements.RunBefores.evaluate(RunBefores.java:24)
	at org.junit.internal.runners.statements.RunAfters.evaluate(RunAfters.java:27)
	at org.junit.runners.ParentRunner$3.evaluate(ParentRunner.java:306)
	at org.junit.runners.BlockJUnit4ClassRunner$1.evaluate(BlockJUnit4ClassRunner.java:100)
	at org.junit.runners.ParentRunner.runLeaf(ParentRunner.java:366)
	at org.junit.runners.BlockJUnit4ClassRunner.runChild(BlockJUnit4ClassRunner.java:103)
	at org.junit.runners.BlockJUnit4ClassRunner.runChild(BlockJUnit4ClassRunner.java:63)
	at org.junit.runners.ParentRunner$4.run(ParentRunner.java:331)
	at org.junit.runners.ParentRunner$1.schedule(ParentRunner.java:79)
	at org.junit.runners.ParentRunner.runChildren(ParentRunner.java:329)
	at org.junit.runners.ParentRunner.access$100(ParentRunner.java:66)
	at org.junit.runners.ParentRunner$2.evaluate(ParentRunner.java:293)
	at org.junit.runners.ParentRunner$3.evaluate(ParentRunner.java:306)
	at org.junit.runners.ParentRunner.run(ParentRunner.java:413)
	at org.apache.maven.surefire.junit4.JUnit4Provider.execute(JUnit4Provider.java:316)
	at org.apache.maven.surefire.junit4.JUnit4Provider.executeWithRerun(JUnit4Provider.java:240)
	at org.apache.maven.surefire.junit4.JUnit4Provider.executeTestSet(JUnit4Provider.java:214)
	at org.apache.maven.surefire.junit4.JUnit4Provider.invoke(JUnit4Provider.java:155)
	at org.apache.maven.surefire.booter.ForkedBooter.runSuitesInProcess(ForkedBooter.java:385)
	at org.apache.maven.surefire.booter.ForkedBooter.execute(ForkedBooter.java:162)
	at org.apache.maven.surefire.booter.ForkedBooter.run(ForkedBooter.java:507)
	at org.apache.maven.surefire.booter.ForkedBooter.main(ForkedBooter.java:495)
]]></system-out>
  </testcase>
  <testcase name="testSalaryTooLow" classname="com.example.drools.service.DroolsServiceTest" time="0.021">
    <error message="Failed to initialize Drools" type="java.lang.RuntimeException"><![CDATA[java.lang.RuntimeException: Failed to initialize Drools
	at com.example.drools.service.DroolsService.initializeKieContainer(DroolsService.java:61)
	at com.example.drools.service.DroolsService.<init>(DroolsService.java:23)
	at com.example.drools.service.DroolsServiceTest.setUp(DroolsServiceTest.java:17)
	at java.base/jdk.internal.reflect.DirectMethodHandleAccessor.invoke(DirectMethodHandleAccessor.java:103)
	at java.base/java.lang.reflect.Method.invoke(Method.java:580)
	at org.junit.runners.model.FrameworkMethod$1.runReflectiveCall(FrameworkMethod.java:59)
	at org.junit.internal.runners.model.ReflectiveCallable.run(ReflectiveCallable.java:12)
	at org.junit.runners.model.FrameworkMethod.invokeExplosively(FrameworkMethod.java:56)
	at org.junit.internal.runners.statements.RunBefores.invokeMethod(RunBefores.java:33)
	at org.junit.internal.runners.statements.RunBefores.evaluate(RunBefores.java:24)
	at org.junit.internal.runners.statements.RunAfters.evaluate(RunAfters.java:27)
	at org.junit.runners.ParentRunner$3.evaluate(ParentRunner.java:306)
	at org.junit.runners.BlockJUnit4ClassRunner$1.evaluate(BlockJUnit4ClassRunner.java:100)
	at org.junit.runners.ParentRunner.runLeaf(ParentRunner.java:366)
	at org.junit.runners.BlockJUnit4ClassRunner.runChild(BlockJUnit4ClassRunner.java:103)
	at org.junit.runners.BlockJUnit4ClassRunner.runChild(BlockJUnit4ClassRunner.java:63)
	at org.junit.runners.ParentRunner$4.run(ParentRunner.java:331)
	at org.junit.runners.ParentRunner$1.schedule(ParentRunner.java:79)
	at org.junit.runners.ParentRunner.runChildren(ParentRunner.java:329)
	at org.junit.runners.ParentRunner.access$100(ParentRunner.java:66)
	at org.junit.runners.ParentRunner$2.evaluate(ParentRunner.java:293)
	at org.junit.runners.ParentRunner$3.evaluate(ParentRunner.java:306)
	at org.junit.runners.ParentRunner.run(ParentRunner.java:413)
	at org.apache.maven.surefire.junit4.JUnit4Provider.execute(JUnit4Provider.java:316)
	at org.apache.maven.surefire.junit4.JUnit4Provider.executeWithRerun(JUnit4Provider.java:240)
	at org.apache.maven.surefire.junit4.JUnit4Provider.executeTestSet(JUnit4Provider.java:214)
	at org.apache.maven.surefire.junit4.JUnit4Provider.invoke(JUnit4Provider.java:155)
	at org.apache.maven.surefire.booter.ForkedBooter.runSuitesInProcess(ForkedBooter.java:385)
	at org.apache.maven.surefire.booter.ForkedBooter.execute(ForkedBooter.java:162)
	at org.apache.maven.surefire.booter.ForkedBooter.run(ForkedBooter.java:507)
	at org.apache.maven.surefire.booter.ForkedBooter.main(ForkedBooter.java:495)
Caused by: java.lang.RuntimeException: Build Errors:
Error Messages:
Message [id=1, kieBase=defaultKieBase, level=ERROR, path=rules/ValidationRules.drl, line=8, column=0
   text=[ERR 101] Line 8:19 no viable alternative at input ',' in rule "_10"]
Message [id=2, kieBase=defaultKieBase, level=ERROR, path=rules/ValidationRules.drl, line=18, column=0
   text=[ERR 101] Line 18:22 no viable alternative at input ',' in rule "_11"]
Message [id=3, kieBase=defaultKieBase, level=ERROR, path=rules/ValidationRules.drl, line=28, column=0
   text=[ERR 101] Line 28:19 no viable alternative at input ',' in rule "_12"]
Message [id=4, kieBase=defaultKieBase, level=ERROR, path=rules/ValidationRules.drl, line=0, column=0
   text=Parser returned a null Package]
---
Warning Messages:
---
Info Messages:

	at com.example.drools.service.DroolsService.initializeKieContainer(DroolsService.java:53)
	... 30 more
]]></error>
    <system-out><![CDATA[01:45:13.951 [main] INFO  c.e.drools.service.DroolsService - Generated DRL from Excel:
01:45:13.951 [main] INFO  c.e.drools.service.DroolsService - package com.example.drools.rules;
//generated from Decision Table
import com.example.drools.model.Person;
import com.example.drools.model.ValidationResult;
// rule values at A10, header at A5
rule "_10"
	when
		p: Person(age >= , 20, age < , 20)
		p: Person(salary >= 10000,, salary < 10000,)
	then
		r: ValidationResult.setMessage("Age is less than 20. Minimum age requirement not met.");
		r: ValidationResult.setStatus("AGE_TOO_LOW");
end

// rule values at A11, header at A5
rule "_11"
	when
		p: Person(age >= 20,, age < 20,)
		p: Person(salary >= , 10000, salary < , 10000)
	then
		r: ValidationResult.setMessage("Income is less than 10000. Minimum salary requirement not met.");
		r: ValidationResult.setStatus("SALARY_TOO_LOW");
end

// rule values at A12, header at A5
rule "_12"
	when
		p: Person(age >= , 20, age < , 20)
		p: Person(salary >= , 10000, salary < , 10000)
	then
		r: ValidationResult.setMessage("Both age and income are below requirements.");
		r: ValidationResult.setStatus("BOTH_TOO_LOW");
end


01:45:13.952 [main] WARN  o.d.c.k.builder.impl.KieBuilderImpl - File 'rules/ValidationRules.drl' is in folder 'rules' but declares package 'com.example.drools.rules'. It is advised to have a correspondance between package and folder names.
01:45:13.956 [main] ERROR o.d.c.kie.builder.impl.KieProject - Unable to build KieBaseModel:defaultKieBase
[8,19]: [ERR 101] Line 8:19 no viable alternative at input ',' in rule "_10"
[18,22]: [ERR 101] Line 18:22 no viable alternative at input ',' in rule "_11"
[28,19]: [ERR 101] Line 28:19 no viable alternative at input ',' in rule "_12"
[0,0]: Parser returned a null Package

01:45:13.956 [main] ERROR c.e.drools.service.DroolsService - Error initializing Drools
java.lang.RuntimeException: Build Errors:
Error Messages:
Message [id=1, kieBase=defaultKieBase, level=ERROR, path=rules/ValidationRules.drl, line=8, column=0
   text=[ERR 101] Line 8:19 no viable alternative at input ',' in rule "_10"]
Message [id=2, kieBase=defaultKieBase, level=ERROR, path=rules/ValidationRules.drl, line=18, column=0
   text=[ERR 101] Line 18:22 no viable alternative at input ',' in rule "_11"]
Message [id=3, kieBase=defaultKieBase, level=ERROR, path=rules/ValidationRules.drl, line=28, column=0
   text=[ERR 101] Line 28:19 no viable alternative at input ',' in rule "_12"]
Message [id=4, kieBase=defaultKieBase, level=ERROR, path=rules/ValidationRules.drl, line=0, column=0
   text=Parser returned a null Package]
---
Warning Messages:
---
Info Messages:

	at com.example.drools.service.DroolsService.initializeKieContainer(DroolsService.java:53)
	at com.example.drools.service.DroolsService.<init>(DroolsService.java:23)
	at com.example.drools.service.DroolsServiceTest.setUp(DroolsServiceTest.java:17)
	at java.base/jdk.internal.reflect.DirectMethodHandleAccessor.invoke(DirectMethodHandleAccessor.java:103)
	at java.base/java.lang.reflect.Method.invoke(Method.java:580)
	at org.junit.runners.model.FrameworkMethod$1.runReflectiveCall(FrameworkMethod.java:59)
	at org.junit.internal.runners.model.ReflectiveCallable.run(ReflectiveCallable.java:12)
	at org.junit.runners.model.FrameworkMethod.invokeExplosively(FrameworkMethod.java:56)
	at org.junit.internal.runners.statements.RunBefores.invokeMethod(RunBefores.java:33)
	at org.junit.internal.runners.statements.RunBefores.evaluate(RunBefores.java:24)
	at org.junit.internal.runners.statements.RunAfters.evaluate(RunAfters.java:27)
	at org.junit.runners.ParentRunner$3.evaluate(ParentRunner.java:306)
	at org.junit.runners.BlockJUnit4ClassRunner$1.evaluate(BlockJUnit4ClassRunner.java:100)
	at org.junit.runners.ParentRunner.runLeaf(ParentRunner.java:366)
	at org.junit.runners.BlockJUnit4ClassRunner.runChild(BlockJUnit4ClassRunner.java:103)
	at org.junit.runners.BlockJUnit4ClassRunner.runChild(BlockJUnit4ClassRunner.java:63)
	at org.junit.runners.ParentRunner$4.run(ParentRunner.java:331)
	at org.junit.runners.ParentRunner$1.schedule(ParentRunner.java:79)
	at org.junit.runners.ParentRunner.runChildren(ParentRunner.java:329)
	at org.junit.runners.ParentRunner.access$100(ParentRunner.java:66)
	at org.junit.runners.ParentRunner$2.evaluate(ParentRunner.java:293)
	at org.junit.runners.ParentRunner$3.evaluate(ParentRunner.java:306)
	at org.junit.runners.ParentRunner.run(ParentRunner.java:413)
	at org.apache.maven.surefire.junit4.JUnit4Provider.execute(JUnit4Provider.java:316)
	at org.apache.maven.surefire.junit4.JUnit4Provider.executeWithRerun(JUnit4Provider.java:240)
	at org.apache.maven.surefire.junit4.JUnit4Provider.executeTestSet(JUnit4Provider.java:214)
	at org.apache.maven.surefire.junit4.JUnit4Provider.invoke(JUnit4Provider.java:155)
	at org.apache.maven.surefire.booter.ForkedBooter.runSuitesInProcess(ForkedBooter.java:385)
	at org.apache.maven.surefire.booter.ForkedBooter.execute(ForkedBooter.java:162)
	at org.apache.maven.surefire.booter.ForkedBooter.run(ForkedBooter.java:507)
	at org.apache.maven.surefire.booter.ForkedBooter.main(ForkedBooter.java:495)
]]></system-out>
  </testcase>
  <testcase name="testApprovedCase" classname="com.example.drools.service.DroolsServiceTest" time="0.016">
    <error message="Failed to initialize Drools" type="java.lang.RuntimeException"><![CDATA[java.lang.RuntimeException: Failed to initialize Drools
	at com.example.drools.service.DroolsService.initializeKieContainer(DroolsService.java:61)
	at com.example.drools.service.DroolsService.<init>(DroolsService.java:23)
	at com.example.drools.service.DroolsServiceTest.setUp(DroolsServiceTest.java:17)
	at java.base/jdk.internal.reflect.DirectMethodHandleAccessor.invoke(DirectMethodHandleAccessor.java:103)
	at java.base/java.lang.reflect.Method.invoke(Method.java:580)
	at org.junit.runners.model.FrameworkMethod$1.runReflectiveCall(FrameworkMethod.java:59)
	at org.junit.internal.runners.model.ReflectiveCallable.run(ReflectiveCallable.java:12)
	at org.junit.runners.model.FrameworkMethod.invokeExplosively(FrameworkMethod.java:56)
	at org.junit.internal.runners.statements.RunBefores.invokeMethod(RunBefores.java:33)
	at org.junit.internal.runners.statements.RunBefores.evaluate(RunBefores.java:24)
	at org.junit.internal.runners.statements.RunAfters.evaluate(RunAfters.java:27)
	at org.junit.runners.ParentRunner$3.evaluate(ParentRunner.java:306)
	at org.junit.runners.BlockJUnit4ClassRunner$1.evaluate(BlockJUnit4ClassRunner.java:100)
	at org.junit.runners.ParentRunner.runLeaf(ParentRunner.java:366)
	at org.junit.runners.BlockJUnit4ClassRunner.runChild(BlockJUnit4ClassRunner.java:103)
	at org.junit.runners.BlockJUnit4ClassRunner.runChild(BlockJUnit4ClassRunner.java:63)
	at org.junit.runners.ParentRunner$4.run(ParentRunner.java:331)
	at org.junit.runners.ParentRunner$1.schedule(ParentRunner.java:79)
	at org.junit.runners.ParentRunner.runChildren(ParentRunner.java:329)
	at org.junit.runners.ParentRunner.access$100(ParentRunner.java:66)
	at org.junit.runners.ParentRunner$2.evaluate(ParentRunner.java:293)
	at org.junit.runners.ParentRunner$3.evaluate(ParentRunner.java:306)
	at org.junit.runners.ParentRunner.run(ParentRunner.java:413)
	at org.apache.maven.surefire.junit4.JUnit4Provider.execute(JUnit4Provider.java:316)
	at org.apache.maven.surefire.junit4.JUnit4Provider.executeWithRerun(JUnit4Provider.java:240)
	at org.apache.maven.surefire.junit4.JUnit4Provider.executeTestSet(JUnit4Provider.java:214)
	at org.apache.maven.surefire.junit4.JUnit4Provider.invoke(JUnit4Provider.java:155)
	at org.apache.maven.surefire.booter.ForkedBooter.runSuitesInProcess(ForkedBooter.java:385)
	at org.apache.maven.surefire.booter.ForkedBooter.execute(ForkedBooter.java:162)
	at org.apache.maven.surefire.booter.ForkedBooter.run(ForkedBooter.java:507)
	at org.apache.maven.surefire.booter.ForkedBooter.main(ForkedBooter.java:495)
Caused by: java.lang.RuntimeException: Build Errors:
Error Messages:
Message [id=1, kieBase=defaultKieBase, level=ERROR, path=rules/ValidationRules.drl, line=8, column=0
   text=[ERR 101] Line 8:19 no viable alternative at input ',' in rule "_10"]
Message [id=2, kieBase=defaultKieBase, level=ERROR, path=rules/ValidationRules.drl, line=18, column=0
   text=[ERR 101] Line 18:22 no viable alternative at input ',' in rule "_11"]
Message [id=3, kieBase=defaultKieBase, level=ERROR, path=rules/ValidationRules.drl, line=28, column=0
   text=[ERR 101] Line 28:19 no viable alternative at input ',' in rule "_12"]
Message [id=4, kieBase=defaultKieBase, level=ERROR, path=rules/ValidationRules.drl, line=0, column=0
   text=Parser returned a null Package]
---
Warning Messages:
---
Info Messages:

	at com.example.drools.service.DroolsService.initializeKieContainer(DroolsService.java:53)
	... 30 more
]]></error>
    <system-out><![CDATA[01:45:13.971 [main] INFO  c.e.drools.service.DroolsService - Generated DRL from Excel:
01:45:13.971 [main] INFO  c.e.drools.service.DroolsService - package com.example.drools.rules;
//generated from Decision Table
import com.example.drools.model.Person;
import com.example.drools.model.ValidationResult;
// rule values at A10, header at A5
rule "_10"
	when
		p: Person(age >= , 20, age < , 20)
		p: Person(salary >= 10000,, salary < 10000,)
	then
		r: ValidationResult.setMessage("Age is less than 20. Minimum age requirement not met.");
		r: ValidationResult.setStatus("AGE_TOO_LOW");
end

// rule values at A11, header at A5
rule "_11"
	when
		p: Person(age >= 20,, age < 20,)
		p: Person(salary >= , 10000, salary < , 10000)
	then
		r: ValidationResult.setMessage("Income is less than 10000. Minimum salary requirement not met.");
		r: ValidationResult.setStatus("SALARY_TOO_LOW");
end

// rule values at A12, header at A5
rule "_12"
	when
		p: Person(age >= , 20, age < , 20)
		p: Person(salary >= , 10000, salary < , 10000)
	then
		r: ValidationResult.setMessage("Both age and income are below requirements.");
		r: ValidationResult.setStatus("BOTH_TOO_LOW");
end


01:45:13.972 [main] WARN  o.d.c.k.builder.impl.KieBuilderImpl - File 'rules/ValidationRules.drl' is in folder 'rules' but declares package 'com.example.drools.rules'. It is advised to have a correspondance between package and folder names.
01:45:13.976 [main] ERROR o.d.c.kie.builder.impl.KieProject - Unable to build KieBaseModel:defaultKieBase
[8,19]: [ERR 101] Line 8:19 no viable alternative at input ',' in rule "_10"
[18,22]: [ERR 101] Line 18:22 no viable alternative at input ',' in rule "_11"
[28,19]: [ERR 101] Line 28:19 no viable alternative at input ',' in rule "_12"
[0,0]: Parser returned a null Package

01:45:13.977 [main] ERROR c.e.drools.service.DroolsService - Error initializing Drools
java.lang.RuntimeException: Build Errors:
Error Messages:
Message [id=1, kieBase=defaultKieBase, level=ERROR, path=rules/ValidationRules.drl, line=8, column=0
   text=[ERR 101] Line 8:19 no viable alternative at input ',' in rule "_10"]
Message [id=2, kieBase=defaultKieBase, level=ERROR, path=rules/ValidationRules.drl, line=18, column=0
   text=[ERR 101] Line 18:22 no viable alternative at input ',' in rule "_11"]
Message [id=3, kieBase=defaultKieBase, level=ERROR, path=rules/ValidationRules.drl, line=28, column=0
   text=[ERR 101] Line 28:19 no viable alternative at input ',' in rule "_12"]
Message [id=4, kieBase=defaultKieBase, level=ERROR, path=rules/ValidationRules.drl, line=0, column=0
   text=Parser returned a null Package]
---
Warning Messages:
---
Info Messages:

	at com.example.drools.service.DroolsService.initializeKieContainer(DroolsService.java:53)
	at com.example.drools.service.DroolsService.<init>(DroolsService.java:23)
	at com.example.drools.service.DroolsServiceTest.setUp(DroolsServiceTest.java:17)
	at java.base/jdk.internal.reflect.DirectMethodHandleAccessor.invoke(DirectMethodHandleAccessor.java:103)
	at java.base/java.lang.reflect.Method.invoke(Method.java:580)
	at org.junit.runners.model.FrameworkMethod$1.runReflectiveCall(FrameworkMethod.java:59)
	at org.junit.internal.runners.model.ReflectiveCallable.run(ReflectiveCallable.java:12)
	at org.junit.runners.model.FrameworkMethod.invokeExplosively(FrameworkMethod.java:56)
	at org.junit.internal.runners.statements.RunBefores.invokeMethod(RunBefores.java:33)
	at org.junit.internal.runners.statements.RunBefores.evaluate(RunBefores.java:24)
	at org.junit.internal.runners.statements.RunAfters.evaluate(RunAfters.java:27)
	at org.junit.runners.ParentRunner$3.evaluate(ParentRunner.java:306)
	at org.junit.runners.BlockJUnit4ClassRunner$1.evaluate(BlockJUnit4ClassRunner.java:100)
	at org.junit.runners.ParentRunner.runLeaf(ParentRunner.java:366)
	at org.junit.runners.BlockJUnit4ClassRunner.runChild(BlockJUnit4ClassRunner.java:103)
	at org.junit.runners.BlockJUnit4ClassRunner.runChild(BlockJUnit4ClassRunner.java:63)
	at org.junit.runners.ParentRunner$4.run(ParentRunner.java:331)
	at org.junit.runners.ParentRunner$1.schedule(ParentRunner.java:79)
	at org.junit.runners.ParentRunner.runChildren(ParentRunner.java:329)
	at org.junit.runners.ParentRunner.access$100(ParentRunner.java:66)
	at org.junit.runners.ParentRunner$2.evaluate(ParentRunner.java:293)
	at org.junit.runners.ParentRunner$3.evaluate(ParentRunner.java:306)
	at org.junit.runners.ParentRunner.run(ParentRunner.java:413)
	at org.apache.maven.surefire.junit4.JUnit4Provider.execute(JUnit4Provider.java:316)
	at org.apache.maven.surefire.junit4.JUnit4Provider.executeWithRerun(JUnit4Provider.java:240)
	at org.apache.maven.surefire.junit4.JUnit4Provider.executeTestSet(JUnit4Provider.java:214)
	at org.apache.maven.surefire.junit4.JUnit4Provider.invoke(JUnit4Provider.java:155)
	at org.apache.maven.surefire.booter.ForkedBooter.runSuitesInProcess(ForkedBooter.java:385)
	at org.apache.maven.surefire.booter.ForkedBooter.execute(ForkedBooter.java:162)
	at org.apache.maven.surefire.booter.ForkedBooter.run(ForkedBooter.java:507)
	at org.apache.maven.surefire.booter.ForkedBooter.main(ForkedBooter.java:495)
]]></system-out>
  </testcase>
</testsuite>